{"/tmp/cc-agent/57977711/project/src/app.controller.ts": {"path":"/tmp/cc-agent/57977711/project/src/app.controller.ts","statementMap":{"0":{"start":{"line":1,"column":0},"end":{"line":1,"column":49}},"1":{"start":{"line":2,"column":0},"end":{"line":2,"column":43}},"2":{"start":{"line":5,"column":7},"end":{"line":12,"column":null}},"3":{"start":{"line":6,"column":31},"end":{"line":6,"column":43}},"4":{"start":{"line":10,"column":4},"end":{"line":10,"column":38}},"5":{"start":{"line":5,"column":13},"end":{"line":5,"column":26}},"6":{"start":{"line":9,"column":2},"end":{"line":11,"column":null}},"7":{"start":{"line":5,"column":13},"end":{"line":12,"column":null}}},"fnMap":{"0":{"name":"(anonymous_2)","decl":{"start":{"line":6,"column":2},"end":{"line":6,"column":31}},"loc":{"start":{"line":6,"column":53},"end":{"line":6,"column":57}}},"1":{"name":"(anonymous_3)","decl":{"start":{"line":9,"column":2},"end":{"line":9,"column":10}},"loc":{"start":{"line":9,"column":10},"end":{"line":11,"column":3}}}},"branchMap":{"0":{"loc":{"start":{"line":6,"column":43},"end":{"line":6,"column":56}},"type":"cond-expr","locations":[{"start":{"line":6,"column":53},"end":{"line":6,"column":56}},{"start":{"line":6,"column":53},"end":{"line":6,"column":56}}]},"1":{"loc":{"start":{"line":6,"column":43},"end":{"line":6,"column":53}},"type":"binary-expr","locations":[{"start":{"line":6,"column":43},"end":{"line":6,"column":56}},{"start":{"line":6,"column":43},"end":{"line":6,"column":53}}]}},"s":{"0":1,"1":1,"2":1,"3":1,"4":1,"5":1,"6":1,"7":1},"f":{"0":1,"1":1},"b":{"0":[1,0],"1":[1,1]}}
,"/tmp/cc-agent/57977711/project/src/app.module.ts": {"path":"/tmp/cc-agent/57977711/project/src/app.module.ts","statementMap":{"0":{"start":{"line":1,"column":0},"end":{"line":1,"column":40}},"1":{"start":{"line":2,"column":0},"end":{"line":2,"column":61}},"2":{"start":{"line":3,"column":0},"end":{"line":3,"column":42}},"3":{"start":{"line":4,"column":0},"end":{"line":4,"column":49}},"4":{"start":{"line":5,"column":0},"end":{"line":5,"column":43}},"5":{"start":{"line":6,"column":0},"end":{"line":6,"column":54}},"6":{"start":{"line":7,"column":0},"end":{"line":7,"column":48}},"7":{"start":{"line":8,"column":0},"end":{"line":8,"column":48}},"8":{"start":{"line":9,"column":0},"end":{"line":9,"column":71}},"9":{"start":{"line":10,"column":0},"end":{"line":10,"column":60}},"10":{"start":{"line":11,"column":0},"end":{"line":11,"column":57}},"11":{"start":{"line":12,"column":0},"end":{"line":12,"column":51}},"12":{"start":{"line":13,"column":0},"end":{"line":13,"column":51}},"13":{"start":{"line":42,"column":7},"end":{"line":42,"column":null}},"14":{"start":{"line":42,"column":13},"end":{"line":42,"column":22}},"15":{"start":{"line":42,"column":13},"end":{"line":42,"column":null}},"16":{"start":{"line":24,"column":59},"end":{"line":29,"column":8}}},"fnMap":{"0":{"name":"(anonymous_2)","decl":{"start":{"line":24,"column":18},"end":{"line":24,"column":23}},"loc":{"start":{"line":24,"column":59},"end":{"line":29,"column":8}}}},"branchMap":{},"s":{"0":0,"1":0,"2":0,"3":0,"4":0,"5":0,"6":0,"7":0,"8":0,"9":0,"10":0,"11":0,"12":0,"13":0,"14":0,"15":0,"16":0},"f":{"0":0},"b":{}}
,"/tmp/cc-agent/57977711/project/src/app.service.ts": {"path":"/tmp/cc-agent/57977711/project/src/app.service.ts","statementMap":{"0":{"start":{"line":1,"column":0},"end":{"line":1,"column":44}},"1":{"start":{"line":4,"column":7},"end":{"line":8,"column":null}},"2":{"start":{"line":6,"column":4},"end":{"line":6,"column":26}},"3":{"start":{"line":4,"column":13},"end":{"line":4,"column":23}},"4":{"start":{"line":4,"column":13},"end":{"line":8,"column":null}}},"fnMap":{"0":{"name":"(anonymous_1)","decl":{"start":{"line":5,"column":2},"end":{"line":5,"column":10}},"loc":{"start":{"line":5,"column":10},"end":{"line":7,"column":3}}}},"branchMap":{},"s":{"0":1,"1":1,"2":1,"3":1,"4":1},"f":{"0":1},"b":{}}
,"/tmp/cc-agent/57977711/project/src/main.ts": {"path":"/tmp/cc-agent/57977711/project/src/main.ts","statementMap":{"0":{"start":{"line":1,"column":0},"end":{"line":1,"column":43}},"1":{"start":{"line":2,"column":0},"end":{"line":2,"column":48}},"2":{"start":{"line":3,"column":0},"end":{"line":3,"column":65}},"3":{"start":{"line":4,"column":0},"end":{"line":4,"column":41}},"4":{"start":{"line":7,"column":14},"end":{"line":7,"column":49}},"5":{"start":{"line":9,"column":2},"end":{"line":9,"column":19}},"6":{"start":{"line":11,"column":2},"end":{"line":17,"column":4}},"7":{"start":{"line":19,"column":17},"end":{"line":30,"column":12}},"8":{"start":{"line":32,"column":19},"end":{"line":32,"column":60}},"9":{"start":{"line":33,"column":2},"end":{"line":33,"column":44}},"10":{"start":{"line":35,"column":2},"end":{"line":35,"column":45}},"11":{"start":{"line":37,"column":0},"end":{"line":37,"column":12}}},"fnMap":{"0":{"name":"bootstrap","decl":{"start":{"line":6,"column":15},"end":{"line":6,"column":24}},"loc":{"start":{"line":6,"column":24},"end":{"line":36,"column":1}}}},"branchMap":{"0":{"loc":{"start":{"line":35,"column":19},"end":{"line":35,"column":43}},"type":"binary-expr","locations":[{"start":{"line":35,"column":19},"end":{"line":35,"column":35}},{"start":{"line":35,"column":39},"end":{"line":35,"column":43}}]}},"s":{"0":0,"1":0,"2":0,"3":0,"4":0,"5":0,"6":0,"7":0,"8":0,"9":0,"10":0,"11":0},"f":{"0":0},"b":{"0":[0,0]}}
,"/tmp/cc-agent/57977711/project/src/action-plans/action-plans.controller.ts": {"path":"/tmp/cc-agent/57977711/project/src/action-plans/action-plans.controller.ts","statementMap":{"0":{"start":{"line":1,"column":0},"end":{"line":1,"column":null}},"1":{"start":{"line":12,"column":0},"end":{"line":12,"column":null}},"2":{"start":{"line":19,"column":0},"end":{"line":19,"column":60}},"3":{"start":{"line":20,"column":0},"end":{"line":20,"column":61}},"4":{"start":{"line":21,"column":0},"end":{"line":21,"column":79}},"5":{"start":{"line":22,"column":0},"end":{"line":22,"column":74}},"6":{"start":{"line":23,"column":0},"end":{"line":23,"column":67}},"7":{"start":{"line":24,"column":0},"end":{"line":24,"column":67}},"8":{"start":{"line":25,"column":0},"end":{"line":25,"column":67}},"9":{"start":{"line":26,"column":0},"end":{"line":26,"column":67}},"10":{"start":{"line":27,"column":0},"end":{"line":27,"column":54}},"11":{"start":{"line":28,"column":0},"end":{"line":28,"column":54}},"12":{"start":{"line":34,"column":7},"end":{"line":293,"column":null}},"13":{"start":{"line":35,"column":31},"end":{"line":35,"column":51}},"14":{"start":{"line":49,"column":4},"end":{"line":53,"column":6}},"15":{"start":{"line":65,"column":4},"end":{"line":68,"column":6}},"16":{"start":{"line":82,"column":4},"end":{"line":86,"column":6}},"17":{"start":{"line":104,"column":4},"end":{"line":109,"column":6}},"18":{"start":{"line":122,"column":4},"end":{"line":126,"column":6}},"19":{"start":{"line":144,"column":4},"end":{"line":149,"column":6}},"20":{"start":{"line":166,"column":4},"end":{"line":170,"column":6}},"21":{"start":{"line":189,"column":4},"end":{"line":194,"column":6}},"22":{"start":{"line":214,"column":4},"end":{"line":220,"column":6}},"23":{"start":{"line":239,"column":4},"end":{"line":244,"column":6}},"24":{"start":{"line":263,"column":4},"end":{"line":268,"column":6}},"25":{"start":{"line":286,"column":4},"end":{"line":291,"column":6}},"26":{"start":{"line":34,"column":13},"end":{"line":34,"column":34}},"27":{"start":{"line":45,"column":8},"end":{"line":54,"column":null}},"28":{"start":{"line":64,"column":8},"end":{"line":69,"column":null}},"29":{"start":{"line":81,"column":8},"end":{"line":87,"column":null}},"30":{"start":{"line":99,"column":8},"end":{"line":110,"column":null}},"31":{"start":{"line":121,"column":8},"end":{"line":127,"column":null}},"32":{"start":{"line":139,"column":8},"end":{"line":150,"column":null}},"33":{"start":{"line":162,"column":8},"end":{"line":171,"column":null}},"34":{"start":{"line":184,"column":8},"end":{"line":195,"column":null}},"35":{"start":{"line":208,"column":8},"end":{"line":221,"column":null}},"36":{"start":{"line":234,"column":8},"end":{"line":245,"column":null}},"37":{"start":{"line":258,"column":8},"end":{"line":269,"column":null}},"38":{"start":{"line":281,"column":8},"end":{"line":292,"column":null}},"39":{"start":{"line":34,"column":13},"end":{"line":293,"column":null}}},"fnMap":{"0":{"name":"(anonymous_4)","decl":{"start":{"line":35,"column":2},"end":{"line":35,"column":31}},"loc":{"start":{"line":35,"column":69},"end":{"line":35,"column":73}}},"1":{"name":"(anonymous_5)","decl":{"start":{"line":45,"column":8},"end":{"line":45,"column":24}},"loc":{"start":{"line":47,"column":36},"end":{"line":54,"column":3}}},"2":{"name":"(anonymous_6)","decl":{"start":{"line":64,"column":8},"end":{"line":64,"column":25}},"loc":{"start":{"line":64,"column":50},"end":{"line":69,"column":3}}},"3":{"name":"(anonymous_7)","decl":{"start":{"line":81,"column":8},"end":{"line":81,"column":25}},"loc":{"start":{"line":81,"column":75},"end":{"line":87,"column":3}}},"4":{"name":"(anonymous_8)","decl":{"start":{"line":99,"column":8},"end":{"line":99,"column":24}},"loc":{"start":{"line":102,"column":36},"end":{"line":110,"column":3}}},"5":{"name":"(anonymous_9)","decl":{"start":{"line":121,"column":8},"end":{"line":121,"column":24}},"loc":{"start":{"line":121,"column":74},"end":{"line":127,"column":3}}},"6":{"name":"(anonymous_10)","decl":{"start":{"line":139,"column":8},"end":{"line":139,"column":24}},"loc":{"start":{"line":142,"column":36},"end":{"line":150,"column":3}}},"7":{"name":"(anonymous_11)","decl":{"start":{"line":162,"column":8},"end":{"line":162,"column":22}},"loc":{"start":{"line":164,"column":35},"end":{"line":171,"column":3}}},"8":{"name":"(anonymous_12)","decl":{"start":{"line":184,"column":8},"end":{"line":184,"column":25}},"loc":{"start":{"line":187,"column":35},"end":{"line":195,"column":3}}},"9":{"name":"(anonymous_13)","decl":{"start":{"line":208,"column":8},"end":{"line":208,"column":24}},"loc":{"start":{"line":212,"column":36},"end":{"line":221,"column":3}}},"10":{"name":"(anonymous_14)","decl":{"start":{"line":234,"column":8},"end":{"line":234,"column":26}},"loc":{"start":{"line":237,"column":35},"end":{"line":245,"column":3}}},"11":{"name":"(anonymous_15)","decl":{"start":{"line":258,"column":8},"end":{"line":258,"column":28}},"loc":{"start":{"line":261,"column":35},"end":{"line":269,"column":3}}},"12":{"name":"(anonymous_16)","decl":{"start":{"line":281,"column":8},"end":{"line":281,"column":24}},"loc":{"start":{"line":284,"column":35},"end":{"line":292,"column":3}}}},"branchMap":{"0":{"loc":{"start":{"line":47,"column":17},"end":{"line":47,"column":null}},"type":"cond-expr","locations":[{"start":{"line":47,"column":36},"end":{"line":47,"column":null}},{"start":{"line":47,"column":36},"end":{"line":47,"column":null}}]},"1":{"loc":{"start":{"line":47,"column":17},"end":{"line":47,"column":36}},"type":"binary-expr","locations":[{"start":{"line":47,"column":17},"end":{"line":47,"column":null}},{"start":{"line":47,"column":17},"end":{"line":47,"column":36}}]},"2":{"loc":{"start":{"line":102,"column":17},"end":{"line":102,"column":null}},"type":"cond-expr","locations":[{"start":{"line":102,"column":36},"end":{"line":102,"column":null}},{"start":{"line":102,"column":36},"end":{"line":102,"column":null}}]},"3":{"loc":{"start":{"line":102,"column":17},"end":{"line":102,"column":36}},"type":"binary-expr","locations":[{"start":{"line":102,"column":17},"end":{"line":102,"column":null}},{"start":{"line":102,"column":17},"end":{"line":102,"column":36}}]},"4":{"loc":{"start":{"line":142,"column":17},"end":{"line":142,"column":null}},"type":"cond-expr","locations":[{"start":{"line":142,"column":36},"end":{"line":142,"column":null}},{"start":{"line":142,"column":36},"end":{"line":142,"column":null}}]},"5":{"loc":{"start":{"line":142,"column":17},"end":{"line":142,"column":36}},"type":"binary-expr","locations":[{"start":{"line":142,"column":17},"end":{"line":142,"column":null}},{"start":{"line":142,"column":17},"end":{"line":142,"column":36}}]},"6":{"loc":{"start":{"line":212,"column":17},"end":{"line":212,"column":null}},"type":"cond-expr","locations":[{"start":{"line":212,"column":36},"end":{"line":212,"column":null}},{"start":{"line":212,"column":36},"end":{"line":212,"column":null}}]},"7":{"loc":{"start":{"line":212,"column":17},"end":{"line":212,"column":36}},"type":"binary-expr","locations":[{"start":{"line":212,"column":17},"end":{"line":212,"column":null}},{"start":{"line":212,"column":17},"end":{"line":212,"column":36}}]},"8":{"loc":{"start":{"line":35,"column":51},"end":{"line":35,"column":72}},"type":"cond-expr","locations":[{"start":{"line":35,"column":69},"end":{"line":35,"column":72}},{"start":{"line":35,"column":69},"end":{"line":35,"column":72}}]},"9":{"loc":{"start":{"line":35,"column":51},"end":{"line":35,"column":69}},"type":"binary-expr","locations":[{"start":{"line":35,"column":51},"end":{"line":35,"column":72}},{"start":{"line":35,"column":51},"end":{"line":35,"column":69}}]}},"s":{"0":1,"1":1,"2":1,"3":1,"4":1,"5":1,"6":1,"7":1,"8":1,"9":1,"10":1,"11":1,"12":1,"13":13,"14":1,"15":1,"16":1,"17":1,"18":1,"19":1,"20":1,"21":1,"22":1,"23":1,"24":1,"25":1,"26":1,"27":1,"28":1,"29":1,"30":1,"31":1,"32":1,"33":1,"34":1,"35":1,"36":1,"37":1,"38":1,"39":1},"f":{"0":13,"1":1,"2":1,"3":1,"4":1,"5":1,"6":1,"7":1,"8":1,"9":1,"10":1,"11":1,"12":1},"b":{"0":[1,0],"1":[1,1],"2":[1,0],"3":[1,1],"4":[1,0],"5":[1,1],"6":[1,0],"7":[1,1],"8":[1,0],"9":[1,1]}}
,"/tmp/cc-agent/57977711/project/src/action-plans/action-plans.module.ts": {"path":"/tmp/cc-agent/57977711/project/src/action-plans/action-plans.module.ts","statementMap":{"0":{"start":{"line":1,"column":0},"end":{"line":1,"column":40}},"1":{"start":{"line":2,"column":0},"end":{"line":2,"column":66}},"2":{"start":{"line":3,"column":0},"end":{"line":3,"column":60}},"3":{"start":{"line":4,"column":0},"end":{"line":4,"column":55}},"4":{"start":{"line":12,"column":7},"end":{"line":12,"column":null}},"5":{"start":{"line":12,"column":13},"end":{"line":12,"column":30}},"6":{"start":{"line":12,"column":13},"end":{"line":12,"column":null}}},"fnMap":{},"branchMap":{},"s":{"0":0,"1":0,"2":0,"3":0,"4":0,"5":0,"6":0},"f":{},"b":{}}
,"/tmp/cc-agent/57977711/project/src/action-plans/action-plans.service.ts": {"path":"/tmp/cc-agent/57977711/project/src/action-plans/action-plans.service.ts","statementMap":{"0":{"start":{"line":1,"column":0},"end":{"line":1,"column":83}},"1":{"start":{"line":2,"column":0},"end":{"line":2,"column":57}},"2":{"start":{"line":9,"column":7},"end":{"line":228,"column":null}},"3":{"start":{"line":10,"column":22},"end":{"line":10,"column":30}},"4":{"start":{"line":17,"column":4},"end":{"line":28,"column":7}},"5":{"start":{"line":32,"column":4},"end":{"line":47,"column":7}},"6":{"start":{"line":51,"column":23},"end":{"line":64,"column":6}},"7":{"start":{"line":66,"column":4},"end":{"line":68,"column":5}},"8":{"start":{"line":67,"column":6},"end":{"line":67,"column":59}},"9":{"start":{"line":70,"column":4},"end":{"line":70,"column":22}},"10":{"start":{"line":79,"column":4},"end":{"line":79,"column":56}},"11":{"start":{"line":81,"column":4},"end":{"line":91,"column":7}},"12":{"start":{"line":95,"column":4},"end":{"line":95,"column":56}},"13":{"start":{"line":97,"column":4},"end":{"line":99,"column":7}},"14":{"start":{"line":101,"column":4},"end":{"line":101,"column":59}},"15":{"start":{"line":110,"column":4},"end":{"line":110,"column":66}},"16":{"start":{"line":112,"column":4},"end":{"line":120,"column":7}},"17":{"start":{"line":128,"column":4},"end":{"line":128,"column":66}},"18":{"start":{"line":130,"column":4},"end":{"line":137,"column":7}},"19":{"start":{"line":146,"column":4},"end":{"line":146,"column":66}},"20":{"start":{"line":148,"column":23},"end":{"line":153,"column":6}},"21":{"start":{"line":155,"column":4},"end":{"line":157,"column":5}},"22":{"start":{"line":156,"column":6},"end":{"line":156,"column":59}},"23":{"start":{"line":159,"column":4},"end":{"line":159,"column":22}},"24":{"start":{"line":169,"column":4},"end":{"line":169,"column":74}},"25":{"start":{"line":171,"column":4},"end":{"line":179,"column":7}},"26":{"start":{"line":188,"column":4},"end":{"line":188,"column":74}},"27":{"start":{"line":190,"column":4},"end":{"line":195,"column":7}},"28":{"start":{"line":204,"column":4},"end":{"line":204,"column":74}},"29":{"start":{"line":206,"column":4},"end":{"line":211,"column":7}},"30":{"start":{"line":220,"column":4},"end":{"line":220,"column":74}},"31":{"start":{"line":222,"column":4},"end":{"line":224,"column":7}},"32":{"start":{"line":226,"column":4},"end":{"line":226,"column":59}},"33":{"start":{"line":9,"column":13},"end":{"line":9,"column":31}},"34":{"start":{"line":9,"column":13},"end":{"line":228,"column":null}}},"fnMap":{"0":{"name":"(anonymous_2)","decl":{"start":{"line":10,"column":2},"end":{"line":10,"column":22}},"loc":{"start":{"line":10,"column":43},"end":{"line":10,"column":47}}},"1":{"name":"(anonymous_3)","decl":{"start":{"line":12,"column":2},"end":{"line":12,"column":7}},"loc":{"start":{"line":15,"column":28},"end":{"line":29,"column":3}}},"2":{"name":"(anonymous_4)","decl":{"start":{"line":31,"column":2},"end":{"line":31,"column":7}},"loc":{"start":{"line":31,"column":59},"end":{"line":48,"column":3}}},"3":{"name":"(anonymous_5)","decl":{"start":{"line":50,"column":2},"end":{"line":50,"column":7}},"loc":{"start":{"line":50,"column":71},"end":{"line":71,"column":3}}},"4":{"name":"(anonymous_6)","decl":{"start":{"line":73,"column":2},"end":{"line":73,"column":7}},"loc":{"start":{"line":77,"column":28},"end":{"line":92,"column":3}}},"5":{"name":"(anonymous_7)","decl":{"start":{"line":94,"column":2},"end":{"line":94,"column":7}},"loc":{"start":{"line":94,"column":69},"end":{"line":102,"column":3}}},"6":{"name":"(anonymous_8)","decl":{"start":{"line":104,"column":2},"end":{"line":104,"column":7}},"loc":{"start":{"line":108,"column":28},"end":{"line":121,"column":3}}},"7":{"name":"(anonymous_9)","decl":{"start":{"line":123,"column":2},"end":{"line":123,"column":7}},"loc":{"start":{"line":126,"column":20},"end":{"line":138,"column":3}}},"8":{"name":"(anonymous_10)","decl":{"start":{"line":140,"column":2},"end":{"line":140,"column":7}},"loc":{"start":{"line":144,"column":20},"end":{"line":160,"column":3}}},"9":{"name":"(anonymous_11)","decl":{"start":{"line":162,"column":2},"end":{"line":162,"column":7}},"loc":{"start":{"line":167,"column":28},"end":{"line":180,"column":3}}},"10":{"name":"(anonymous_12)","decl":{"start":{"line":182,"column":2},"end":{"line":182,"column":7}},"loc":{"start":{"line":186,"column":20},"end":{"line":196,"column":3}}},"11":{"name":"(anonymous_13)","decl":{"start":{"line":198,"column":2},"end":{"line":198,"column":7}},"loc":{"start":{"line":202,"column":20},"end":{"line":212,"column":3}}},"12":{"name":"(anonymous_14)","decl":{"start":{"line":214,"column":2},"end":{"line":214,"column":7}},"loc":{"start":{"line":218,"column":20},"end":{"line":227,"column":3}}}},"branchMap":{"0":{"loc":{"start":{"line":21,"column":16},"end":{"line":21,"column":38}},"type":"binary-expr","locations":[{"start":{"line":21,"column":16},"end":{"line":21,"column":26}},{"start":{"line":21,"column":30},"end":{"line":21,"column":38}}]},"1":{"loc":{"start":{"line":66,"column":4},"end":{"line":68,"column":5}},"type":"if","locations":[{"start":{"line":66,"column":4},"end":{"line":68,"column":5}},{"start":{},"end":{}}]},"2":{"loc":{"start":{"line":116,"column":17},"end":{"line":116,"column":59}},"type":"cond-expr","locations":[{"start":{"line":116,"column":31},"end":{"line":116,"column":52}},{"start":{"line":116,"column":55},"end":{"line":116,"column":59}}]},"3":{"loc":{"start":{"line":117,"column":18},"end":{"line":117,"column":42}},"type":"binary-expr","locations":[{"start":{"line":117,"column":18},"end":{"line":117,"column":30}},{"start":{"line":117,"column":34},"end":{"line":117,"column":42}}]},"4":{"loc":{"start":{"line":155,"column":4},"end":{"line":157,"column":5}},"type":"if","locations":[{"start":{"line":155,"column":4},"end":{"line":157,"column":5}},{"start":{},"end":{}}]},"5":{"loc":{"start":{"line":176,"column":17},"end":{"line":176,"column":64}},"type":"cond-expr","locations":[{"start":{"line":176,"column":31},"end":{"line":176,"column":52}},{"start":{"line":176,"column":55},"end":{"line":176,"column":64}}]},"6":{"loc":{"start":{"line":10,"column":30},"end":{"line":10,"column":46}},"type":"cond-expr","locations":[{"start":{"line":10,"column":43},"end":{"line":10,"column":46}},{"start":{"line":10,"column":43},"end":{"line":10,"column":46}}]},"7":{"loc":{"start":{"line":10,"column":30},"end":{"line":10,"column":43}},"type":"binary-expr","locations":[{"start":{"line":10,"column":30},"end":{"line":10,"column":46}},{"start":{"line":10,"column":30},"end":{"line":10,"column":43}}]}},"s":{"0":1,"1":1,"2":1,"3":0,"4":0,"5":0,"6":0,"7":0,"8":0,"9":0,"10":0,"11":0,"12":0,"13":0,"14":0,"15":0,"16":0,"17":0,"18":0,"19":0,"20":0,"21":0,"22":0,"23":0,"24":0,"25":0,"26":0,"27":0,"28":0,"29":0,"30":0,"31":0,"32":0,"33":1,"34":1},"f":{"0":0,"1":0,"2":0,"3":0,"4":0,"5":0,"6":0,"7":0,"8":0,"9":0,"10":0,"11":0,"12":0},"b":{"0":[0,0],"1":[0,0],"2":[0,0],"3":[0,0],"4":[0,0],"5":[0,0],"6":[1,0],"7":[1,1]}}
,"/tmp/cc-agent/57977711/project/src/action-plans/dto/action-item.dto.ts": {"path":"/tmp/cc-agent/57977711/project/src/action-plans/dto/action-item.dto.ts","statementMap":{"0":{"start":{"line":1,"column":0},"end":{"line":1,"column":67}},"1":{"start":{"line":3,"column":0},"end":{"line":3,"column":13}},"2":{"start":{"line":5,"column":2},"end":{"line":5,"column":null}},"3":{"start":{"line":8,"column":2},"end":{"line":8,"column":null}},"4":{"start":{"line":11,"column":2},"end":{"line":11,"column":null}},"5":{"start":{"line":14,"column":2},"end":{"line":14,"column":null}},"6":{"start":{"line":17,"column":2},"end":{"line":17,"column":null}},"7":{"start":{"line":20,"column":2},"end":{"line":20,"column":null}},"8":{"start":{"line":23,"column":2},"end":{"line":23,"column":null}},"9":{"start":{"line":26,"column":2},"end":{"line":26,"column":null}},"10":{"start":{"line":29,"column":2},"end":{"line":29,"column":null}}},"fnMap":{},"branchMap":{"0":{"loc":{"start":{"line":17,"column":12},"end":{"line":17,"column":17}},"type":"cond-expr","locations":[{"start":{"line":17,"column":16},"end":{"line":17,"column":17}},{"start":{"line":17,"column":16},"end":{"line":17,"column":17}}]},"1":{"loc":{"start":{"line":17,"column":12},"end":{"line":17,"column":16}},"type":"binary-expr","locations":[{"start":{"line":17,"column":12},"end":{"line":17,"column":17}},{"start":{"line":17,"column":12},"end":{"line":17,"column":16}}]},"2":{"loc":{"start":{"line":20,"column":16},"end":{"line":20,"column":21}},"type":"cond-expr","locations":[{"start":{"line":20,"column":20},"end":{"line":20,"column":21}},{"start":{"line":20,"column":20},"end":{"line":20,"column":21}}]},"3":{"loc":{"start":{"line":20,"column":16},"end":{"line":20,"column":20}},"type":"binary-expr","locations":[{"start":{"line":20,"column":16},"end":{"line":20,"column":21}},{"start":{"line":20,"column":16},"end":{"line":20,"column":20}}]},"4":{"loc":{"start":{"line":26,"column":13},"end":{"line":26,"column":18}},"type":"cond-expr","locations":[{"start":{"line":26,"column":17},"end":{"line":26,"column":18}},{"start":{"line":26,"column":17},"end":{"line":26,"column":18}}]},"5":{"loc":{"start":{"line":26,"column":13},"end":{"line":26,"column":17}},"type":"binary-expr","locations":[{"start":{"line":26,"column":13},"end":{"line":26,"column":18}},{"start":{"line":26,"column":13},"end":{"line":26,"column":17}}]},"6":{"loc":{"start":{"line":29,"column":13},"end":{"line":29,"column":18}},"type":"cond-expr","locations":[{"start":{"line":29,"column":17},"end":{"line":29,"column":18}},{"start":{"line":29,"column":17},"end":{"line":29,"column":18}}]},"7":{"loc":{"start":{"line":29,"column":13},"end":{"line":29,"column":17}},"type":"binary-expr","locations":[{"start":{"line":29,"column":13},"end":{"line":29,"column":18}},{"start":{"line":29,"column":13},"end":{"line":29,"column":17}}]}},"s":{"0":1,"1":1,"2":1,"3":1,"4":1,"5":1,"6":1,"7":1,"8":1,"9":1,"10":1},"f":{},"b":{"0":[1,0],"1":[1,1],"2":[1,0],"3":[1,1],"4":[1,0],"5":[1,1],"6":[1,0],"7":[1,1]}}
,"/tmp/cc-agent/57977711/project/src/action-plans/dto/action-plan.dto.ts": {"path":"/tmp/cc-agent/57977711/project/src/action-plans/dto/action-plan.dto.ts","statementMap":{"0":{"start":{"line":1,"column":0},"end":{"line":1,"column":67}},"1":{"start":{"line":3,"column":0},"end":{"line":3,"column":13}},"2":{"start":{"line":5,"column":2},"end":{"line":5,"column":null}},"3":{"start":{"line":8,"column":2},"end":{"line":8,"column":null}},"4":{"start":{"line":11,"column":2},"end":{"line":11,"column":null}},"5":{"start":{"line":14,"column":2},"end":{"line":14,"column":null}},"6":{"start":{"line":17,"column":2},"end":{"line":17,"column":null}},"7":{"start":{"line":20,"column":2},"end":{"line":20,"column":null}},"8":{"start":{"line":23,"column":2},"end":{"line":23,"column":null}},"9":{"start":{"line":26,"column":2},"end":{"line":26,"column":null}}},"fnMap":{},"branchMap":{"0":{"loc":{"start":{"line":23,"column":13},"end":{"line":23,"column":18}},"type":"cond-expr","locations":[{"start":{"line":23,"column":17},"end":{"line":23,"column":18}},{"start":{"line":23,"column":17},"end":{"line":23,"column":18}}]},"1":{"loc":{"start":{"line":23,"column":13},"end":{"line":23,"column":17}},"type":"binary-expr","locations":[{"start":{"line":23,"column":13},"end":{"line":23,"column":18}},{"start":{"line":23,"column":13},"end":{"line":23,"column":17}}]},"2":{"loc":{"start":{"line":26,"column":13},"end":{"line":26,"column":18}},"type":"cond-expr","locations":[{"start":{"line":26,"column":17},"end":{"line":26,"column":18}},{"start":{"line":26,"column":17},"end":{"line":26,"column":18}}]},"3":{"loc":{"start":{"line":26,"column":13},"end":{"line":26,"column":17}},"type":"binary-expr","locations":[{"start":{"line":26,"column":13},"end":{"line":26,"column":18}},{"start":{"line":26,"column":13},"end":{"line":26,"column":17}}]}},"s":{"0":1,"1":1,"2":1,"3":1,"4":1,"5":1,"6":1,"7":1,"8":1,"9":1},"f":{},"b":{"0":[1,0],"1":[1,1],"2":[1,0],"3":[1,1]}}
,"/tmp/cc-agent/57977711/project/src/action-plans/dto/create-action-item.dto.ts": {"path":"/tmp/cc-agent/57977711/project/src/action-plans/dto/create-action-item.dto.ts","statementMap":{"0":{"start":{"line":1,"column":0},"end":{"line":1,"column":77}},"1":{"start":{"line":2,"column":0},"end":{"line":2,"column":67}},"2":{"start":{"line":4,"column":0},"end":{"line":4,"column":null}},"3":{"start":{"line":5,"column":2},"end":{"line":5,"column":null}},"4":{"start":{"line":6,"column":2},"end":{"line":6,"column":null}},"5":{"start":{"line":7,"column":2},"end":{"line":7,"column":null}},"6":{"start":{"line":10,"column":0},"end":{"line":10,"column":13}},"7":{"start":{"line":13,"column":2},"end":{"line":13,"column":null}},"8":{"start":{"line":18,"column":2},"end":{"line":18,"column":null}},"9":{"start":{"line":23,"column":2},"end":{"line":23,"column":null}},"10":{"start":{"line":32,"column":2},"end":{"line":32,"column":null}}},"fnMap":{"0":{"name":"(anonymous_2)","decl":{"start":{"line":4,"column":0},"end":{"line":4,"column":12}},"loc":{"start":{"line":4,"column":30},"end":{"line":8,"column":1}}}},"branchMap":{"0":{"loc":{"start":{"line":4,"column":12},"end":{"line":4,"column":null}},"type":"binary-expr","locations":[{"start":{"line":4,"column":12},"end":{"line":4,"column":30}},{"start":{"line":4,"column":30},"end":{"line":4,"column":null}}]}},"s":{"0":1,"1":1,"2":1,"3":1,"4":1,"5":1,"6":1,"7":1,"8":1,"9":1,"10":1},"f":{"0":1},"b":{"0":[1,1]}}
,"/tmp/cc-agent/57977711/project/src/action-plans/dto/create-action-plan.dto.ts": {"path":"/tmp/cc-agent/57977711/project/src/action-plans/dto/create-action-plan.dto.ts","statementMap":{"0":{"start":{"line":1,"column":0},"end":{"line":1,"column":63}},"1":{"start":{"line":2,"column":0},"end":{"line":2,"column":67}},"2":{"start":{"line":4,"column":0},"end":{"line":4,"column":null}},"3":{"start":{"line":5,"column":2},"end":{"line":5,"column":null}},"4":{"start":{"line":6,"column":2},"end":{"line":6,"column":null}},"5":{"start":{"line":7,"column":2},"end":{"line":7,"column":null}},"6":{"start":{"line":10,"column":0},"end":{"line":10,"column":13}},"7":{"start":{"line":13,"column":2},"end":{"line":13,"column":null}},"8":{"start":{"line":18,"column":2},"end":{"line":18,"column":null}},"9":{"start":{"line":27,"column":2},"end":{"line":27,"column":null}}},"fnMap":{"0":{"name":"(anonymous_2)","decl":{"start":{"line":4,"column":0},"end":{"line":4,"column":12}},"loc":{"start":{"line":4,"column":28},"end":{"line":8,"column":1}}}},"branchMap":{"0":{"loc":{"start":{"line":4,"column":12},"end":{"line":4,"column":null}},"type":"binary-expr","locations":[{"start":{"line":4,"column":12},"end":{"line":4,"column":28}},{"start":{"line":4,"column":28},"end":{"line":4,"column":null}}]}},"s":{"0":1,"1":1,"2":1,"3":1,"4":1,"5":1,"6":1,"7":1,"8":1,"9":1},"f":{"0":1},"b":{"0":[1,1]}}
,"/tmp/cc-agent/57977711/project/src/action-plans/dto/update-action-item.dto.ts": {"path":"/tmp/cc-agent/57977711/project/src/action-plans/dto/update-action-item.dto.ts","statementMap":{"0":{"start":{"line":1,"column":0},"end":{"line":1,"column":46}},"1":{"start":{"line":2,"column":0},"end":{"line":2,"column":63}},"2":{"start":{"line":4,"column":0},"end":{"line":4,"column":13}}},"fnMap":{},"branchMap":{},"s":{"0":1,"1":1,"2":1},"f":{},"b":{}}
,"/tmp/cc-agent/57977711/project/src/action-plans/dto/update-action-plan.dto.ts": {"path":"/tmp/cc-agent/57977711/project/src/action-plans/dto/update-action-plan.dto.ts","statementMap":{"0":{"start":{"line":1,"column":0},"end":{"line":1,"column":46}},"1":{"start":{"line":2,"column":0},"end":{"line":2,"column":63}},"2":{"start":{"line":4,"column":0},"end":{"line":4,"column":13}}},"fnMap":{},"branchMap":{},"s":{"0":1,"1":1,"2":1},"f":{},"b":{}}
,"/tmp/cc-agent/57977711/project/src/auth/auth.controller.ts": {"path":"/tmp/cc-agent/57977711/project/src/auth/auth.controller.ts","statementMap":{"0":{"start":{"line":1,"column":0},"end":{"line":1,"column":null}},"1":{"start":{"line":10,"column":0},"end":{"line":10,"column":45}},"2":{"start":{"line":11,"column":0},"end":{"line":11,"column":49}},"3":{"start":{"line":12,"column":0},"end":{"line":12,"column":43}},"4":{"start":{"line":13,"column":0},"end":{"line":13,"column":58}},"5":{"start":{"line":14,"column":0},"end":{"line":14,"column":55}},"6":{"start":{"line":17,"column":7},"end":{"line":44,"column":null}},"7":{"start":{"line":18,"column":31},"end":{"line":18,"column":44}},"8":{"start":{"line":23,"column":4},"end":{"line":23,"column":50}},"9":{"start":{"line":29,"column":4},"end":{"line":29,"column":44}},"10":{"start":{"line":35,"column":4},"end":{"line":35,"column":71}},"11":{"start":{"line":42,"column":4},"end":{"line":42,"column":52}},"12":{"start":{"line":17,"column":13},"end":{"line":17,"column":27}},"13":{"start":{"line":22,"column":8},"end":{"line":24,"column":null}},"14":{"start":{"line":28,"column":8},"end":{"line":30,"column":null}},"15":{"start":{"line":34,"column":8},"end":{"line":36,"column":null}},"16":{"start":{"line":41,"column":8},"end":{"line":43,"column":null}},"17":{"start":{"line":17,"column":13},"end":{"line":44,"column":null}}},"fnMap":{"0":{"name":"(anonymous_4)","decl":{"start":{"line":18,"column":2},"end":{"line":18,"column":31}},"loc":{"start":{"line":18,"column":55},"end":{"line":18,"column":59}}},"1":{"name":"(anonymous_5)","decl":{"start":{"line":22,"column":8},"end":{"line":22,"column":16}},"loc":{"start":{"line":22,"column":49},"end":{"line":24,"column":3}}},"2":{"name":"(anonymous_6)","decl":{"start":{"line":28,"column":8},"end":{"line":28,"column":13}},"loc":{"start":{"line":28,"column":40},"end":{"line":30,"column":3}}},"3":{"name":"(anonymous_7)","decl":{"start":{"line":34,"column":8},"end":{"line":34,"column":15}},"loc":{"start":{"line":34,"column":56},"end":{"line":36,"column":3}}},"4":{"name":"(anonymous_8)","decl":{"start":{"line":41,"column":8},"end":{"line":41,"column":14}},"loc":{"start":{"line":41,"column":34},"end":{"line":43,"column":3}}}},"branchMap":{"0":{"loc":{"start":{"line":22,"column":38},"end":{"line":22,"column":null}},"type":"cond-expr","locations":[{"start":{"line":22,"column":49},"end":{"line":22,"column":null}},{"start":{"line":22,"column":49},"end":{"line":22,"column":null}}]},"1":{"loc":{"start":{"line":22,"column":38},"end":{"line":22,"column":49}},"type":"binary-expr","locations":[{"start":{"line":22,"column":38},"end":{"line":22,"column":null}},{"start":{"line":22,"column":38},"end":{"line":22,"column":49}}]},"2":{"loc":{"start":{"line":28,"column":32},"end":{"line":28,"column":null}},"type":"cond-expr","locations":[{"start":{"line":28,"column":40},"end":{"line":28,"column":null}},{"start":{"line":28,"column":40},"end":{"line":28,"column":null}}]},"3":{"loc":{"start":{"line":28,"column":32},"end":{"line":28,"column":40}},"type":"binary-expr","locations":[{"start":{"line":28,"column":32},"end":{"line":28,"column":null}},{"start":{"line":28,"column":32},"end":{"line":28,"column":40}}]},"4":{"loc":{"start":{"line":34,"column":41},"end":{"line":34,"column":null}},"type":"cond-expr","locations":[{"start":{"line":34,"column":56},"end":{"line":34,"column":null}},{"start":{"line":34,"column":56},"end":{"line":34,"column":null}}]},"5":{"loc":{"start":{"line":34,"column":41},"end":{"line":34,"column":56}},"type":"binary-expr","locations":[{"start":{"line":34,"column":41},"end":{"line":34,"column":null}},{"start":{"line":34,"column":41},"end":{"line":34,"column":56}}]},"6":{"loc":{"start":{"line":18,"column":44},"end":{"line":18,"column":58}},"type":"cond-expr","locations":[{"start":{"line":18,"column":55},"end":{"line":18,"column":58}},{"start":{"line":18,"column":55},"end":{"line":18,"column":58}}]},"7":{"loc":{"start":{"line":18,"column":44},"end":{"line":18,"column":55}},"type":"binary-expr","locations":[{"start":{"line":18,"column":44},"end":{"line":18,"column":58}},{"start":{"line":18,"column":44},"end":{"line":18,"column":55}}]}},"s":{"0":1,"1":1,"2":1,"3":1,"4":1,"5":1,"6":1,"7":3,"8":1,"9":1,"10":0,"11":0,"12":1,"13":1,"14":1,"15":1,"16":1,"17":1},"f":{"0":3,"1":1,"2":1,"3":0,"4":0},"b":{"0":[1,0],"1":[1,1],"2":[1,0],"3":[1,1],"4":[1,0],"5":[1,1],"6":[1,0],"7":[1,1]}}
,"/tmp/cc-agent/57977711/project/src/auth/auth.module.ts": {"path":"/tmp/cc-agent/57977711/project/src/auth/auth.module.ts","statementMap":{"0":{"start":{"line":1,"column":0},"end":{"line":1,"column":40}},"1":{"start":{"line":2,"column":0},"end":{"line":2,"column":40}},"2":{"start":{"line":3,"column":0},"end":{"line":3,"column":50}},"3":{"start":{"line":4,"column":0},"end":{"line":4,"column":46}},"4":{"start":{"line":5,"column":0},"end":{"line":5,"column":45}},"5":{"start":{"line":6,"column":0},"end":{"line":6,"column":51}},"6":{"start":{"line":7,"column":0},"end":{"line":7,"column":56}},"7":{"start":{"line":8,"column":0},"end":{"line":8,"column":55}},"8":{"start":{"line":21,"column":7},"end":{"line":21,"column":null}},"9":{"start":{"line":21,"column":13},"end":{"line":21,"column":23}},"10":{"start":{"line":21,"column":13},"end":{"line":21,"column":null}}},"fnMap":{},"branchMap":{},"s":{"0":0,"1":0,"2":0,"3":0,"4":0,"5":0,"6":0,"7":0,"8":0,"9":0,"10":0},"f":{},"b":{}}
,"/tmp/cc-agent/57977711/project/src/auth/auth.service.ts": {"path":"/tmp/cc-agent/57977711/project/src/auth/auth.service.ts","statementMap":{"0":{"start":{"line":1,"column":0},"end":{"line":1,"column":null}},"1":{"start":{"line":7,"column":0},"end":{"line":7,"column":41}},"2":{"start":{"line":8,"column":0},"end":{"line":8,"column":47}},"3":{"start":{"line":9,"column":0},"end":{"line":9,"column":57}},"4":{"start":{"line":12,"column":0},"end":{"line":12,"column":33}},"5":{"start":{"line":16,"column":7},"end":{"line":221,"column":null}},"6":{"start":{"line":18,"column":21},"end":{"line":18,"column":29}},"7":{"start":{"line":19,"column":21},"end":{"line":19,"column":33}},"8":{"start":{"line":20,"column":21},"end":{"line":20,"column":36}},"9":{"start":{"line":25,"column":6},"end":{"line":25,"column":17}},"10":{"start":{"line":27,"column":25},"end":{"line":31,"column":6}},"11":{"start":{"line":33,"column":4},"end":{"line":35,"column":5}},"12":{"start":{"line":34,"column":6},"end":{"line":34,"column":70}},"13":{"start":{"line":37,"column":19},"end":{"line":39,"column":6}},"14":{"start":{"line":41,"column":4},"end":{"line":43,"column":5}},"15":{"start":{"line":42,"column":6},"end":{"line":42,"column":59}},"16":{"start":{"line":45,"column":27},"end":{"line":45,"column":58}},"17":{"start":{"line":47,"column":17},"end":{"line":65,"column":6}},"18":{"start":{"line":67,"column":19},"end":{"line":71,"column":6}},"19":{"start":{"line":73,"column":4},"end":{"line":73,"column":62}},"20":{"start":{"line":75,"column":4},"end":{"line":85,"column":6}},"21":{"start":{"line":89,"column":32},"end":{"line":89,"column":40}},"22":{"start":{"line":91,"column":17},"end":{"line":102,"column":6}},"23":{"start":{"line":104,"column":4},"end":{"line":106,"column":5}},"24":{"start":{"line":105,"column":6},"end":{"line":105,"column":61}},"25":{"start":{"line":108,"column":28},"end":{"line":108,"column":73}},"26":{"start":{"line":110,"column":4},"end":{"line":112,"column":5}},"27":{"start":{"line":111,"column":6},"end":{"line":111,"column":61}},"28":{"start":{"line":114,"column":19},"end":{"line":118,"column":6}},"29":{"start":{"line":120,"column":4},"end":{"line":120,"column":62}},"30":{"start":{"line":122,"column":4},"end":{"line":132,"column":6}},"31":{"start":{"line":136,"column":24},"end":{"line":145,"column":6}},"32":{"start":{"line":147,"column":4},"end":{"line":149,"column":5}},"33":{"start":{"line":148,"column":6},"end":{"line":148,"column":63}},"34":{"start":{"line":151,"column":4},"end":{"line":156,"column":5}},"35":{"start":{"line":152,"column":6},"end":{"line":154,"column":9}},"36":{"start":{"line":155,"column":6},"end":{"line":155,"column":63}},"37":{"start":{"line":158,"column":19},"end":{"line":162,"column":6}},"38":{"start":{"line":164,"column":4},"end":{"line":166,"column":7}},"39":{"start":{"line":168,"column":4},"end":{"line":168,"column":74}},"40":{"start":{"line":170,"column":4},"end":{"line":180,"column":6}},"41":{"start":{"line":184,"column":4},"end":{"line":186,"column":7}},"42":{"start":{"line":188,"column":4},"end":{"line":188,"column":50}},"43":{"start":{"line":192,"column":24},"end":{"line":195,"column":6}},"44":{"start":{"line":197,"column":25},"end":{"line":200,"column":6}},"45":{"start":{"line":202,"column":4},"end":{"line":202,"column":41}},"46":{"start":{"line":207,"column":6},"end":{"line":207,"column":70}},"47":{"start":{"line":208,"column":27},"end":{"line":208,"column":37}},"48":{"start":{"line":210,"column":17},"end":{"line":210,"column":53}},"49":{"start":{"line":211,"column":4},"end":{"line":211,"column":60}},"50":{"start":{"line":213,"column":4},"end":{"line":219,"column":7}},"51":{"start":{"line":16,"column":13},"end":{"line":16,"column":24}},"52":{"start":{"line":16,"column":13},"end":{"line":221,"column":null}}},"fnMap":{"0":{"name":"(anonymous_11)","decl":{"start":{"line":17,"column":2},"end":{"line":17,"column":null}},"loc":{"start":{"line":20,"column":49},"end":{"line":21,"column":6}}},"1":{"name":"(anonymous_12)","decl":{"start":{"line":23,"column":2},"end":{"line":23,"column":7}},"loc":{"start":{"line":23,"column":41},"end":{"line":86,"column":3}}},"2":{"name":"(anonymous_13)","decl":{"start":{"line":88,"column":2},"end":{"line":88,"column":7}},"loc":{"start":{"line":88,"column":32},"end":{"line":133,"column":3}}},"3":{"name":"(anonymous_14)","decl":{"start":{"line":135,"column":2},"end":{"line":135,"column":7}},"loc":{"start":{"line":135,"column":41},"end":{"line":181,"column":3}}},"4":{"name":"(anonymous_15)","decl":{"start":{"line":183,"column":2},"end":{"line":183,"column":7}},"loc":{"start":{"line":183,"column":29},"end":{"line":189,"column":3}}},"5":{"name":"(anonymous_16)","decl":{"start":{"line":191,"column":10},"end":{"line":191,"column":15}},"loc":{"start":{"line":191,"column":50},"end":{"line":203,"column":3}}},"6":{"name":"(anonymous_17)","decl":{"start":{"line":205,"column":10},"end":{"line":205,"column":15}},"loc":{"start":{"line":205,"column":62},"end":{"line":220,"column":3}}}},"branchMap":{"0":{"loc":{"start":{"line":33,"column":4},"end":{"line":35,"column":5}},"type":"if","locations":[{"start":{"line":33,"column":4},"end":{"line":35,"column":5}},{"start":{},"end":{}}]},"1":{"loc":{"start":{"line":41,"column":4},"end":{"line":43,"column":5}},"type":"if","locations":[{"start":{"line":41,"column":4},"end":{"line":43,"column":5}},{"start":{},"end":{}}]},"2":{"loc":{"start":{"line":104,"column":4},"end":{"line":106,"column":5}},"type":"if","locations":[{"start":{"line":104,"column":4},"end":{"line":106,"column":5}},{"start":{},"end":{}}]},"3":{"loc":{"start":{"line":110,"column":4},"end":{"line":112,"column":5}},"type":"if","locations":[{"start":{"line":110,"column":4},"end":{"line":112,"column":5}},{"start":{},"end":{}}]},"4":{"loc":{"start":{"line":147,"column":4},"end":{"line":149,"column":5}},"type":"if","locations":[{"start":{"line":147,"column":4},"end":{"line":149,"column":5}},{"start":{},"end":{}}]},"5":{"loc":{"start":{"line":151,"column":4},"end":{"line":156,"column":5}},"type":"if","locations":[{"start":{"line":151,"column":4},"end":{"line":156,"column":5}},{"start":{},"end":{}}]},"6":{"loc":{"start":{"line":207,"column":6},"end":{"line":207,"column":70}},"type":"binary-expr","locations":[{"start":{"line":207,"column":6},"end":{"line":207,"column":62}},{"start":{"line":207,"column":66},"end":{"line":207,"column":70}}]},"7":{"loc":{"start":{"line":18,"column":29},"end":{"line":18,"column":null}},"type":"cond-expr","locations":[{"start":{"line":18,"column":42},"end":{"line":18,"column":null}},{"start":{"line":18,"column":42},"end":{"line":18,"column":null}}]},"8":{"loc":{"start":{"line":18,"column":29},"end":{"line":18,"column":42}},"type":"binary-expr","locations":[{"start":{"line":18,"column":29},"end":{"line":18,"column":null}},{"start":{"line":18,"column":29},"end":{"line":18,"column":42}}]},"9":{"loc":{"start":{"line":18,"column":42},"end":{"line":19,"column":null}},"type":"cond-expr","locations":[{"start":{"line":19,"column":43},"end":{"line":19,"column":null}},{"start":{"line":19,"column":43},"end":{"line":19,"column":null}}]},"10":{"loc":{"start":{"line":18,"column":42},"end":{"line":19,"column":43}},"type":"binary-expr","locations":[{"start":{"line":18,"column":42},"end":{"line":19,"column":null}},{"start":{"line":19,"column":33},"end":{"line":19,"column":43}}]},"11":{"loc":{"start":{"line":19,"column":43},"end":{"line":20,"column":null}},"type":"cond-expr","locations":[{"start":{"line":20,"column":49},"end":{"line":20,"column":null}},{"start":{"line":20,"column":49},"end":{"line":20,"column":null}}]},"12":{"loc":{"start":{"line":19,"column":43},"end":{"line":20,"column":49}},"type":"binary-expr","locations":[{"start":{"line":19,"column":43},"end":{"line":20,"column":null}},{"start":{"line":20,"column":36},"end":{"line":20,"column":49}}]}},"s":{"0":1,"1":1,"2":1,"3":1,"4":1,"5":1,"6":0,"7":0,"8":0,"9":0,"10":0,"11":0,"12":0,"13":0,"14":0,"15":0,"16":0,"17":0,"18":0,"19":0,"20":0,"21":0,"22":0,"23":0,"24":0,"25":0,"26":0,"27":0,"28":0,"29":0,"30":0,"31":0,"32":0,"33":0,"34":0,"35":0,"36":0,"37":0,"38":0,"39":0,"40":0,"41":0,"42":0,"43":0,"44":0,"45":0,"46":0,"47":0,"48":0,"49":0,"50":0,"51":1,"52":1},"f":{"0":0,"1":0,"2":0,"3":0,"4":0,"5":0,"6":0},"b":{"0":[0,0],"1":[0,0],"2":[0,0],"3":[0,0],"4":[0,0],"5":[0,0],"6":[0,0],"7":[1,0],"8":[1,1],"9":[1,0],"10":[1,1],"11":[1,0],"12":[1,1]}}
,"/tmp/cc-agent/57977711/project/src/auth/dto/login.dto.ts": {"path":"/tmp/cc-agent/57977711/project/src/auth/dto/login.dto.ts","statementMap":{"0":{"start":{"line":1,"column":0},"end":{"line":1,"column":64}},"1":{"start":{"line":3,"column":0},"end":{"line":3,"column":13}},"2":{"start":{"line":6,"column":2},"end":{"line":6,"column":null}},"3":{"start":{"line":10,"column":2},"end":{"line":10,"column":null}}},"fnMap":{},"branchMap":{},"s":{"0":1,"1":1,"2":1,"3":1},"f":{},"b":{}}
,"/tmp/cc-agent/57977711/project/src/auth/dto/refresh-token.dto.ts": {"path":"/tmp/cc-agent/57977711/project/src/auth/dto/refresh-token.dto.ts","statementMap":{"0":{"start":{"line":1,"column":0},"end":{"line":1,"column":55}},"1":{"start":{"line":3,"column":0},"end":{"line":3,"column":13}},"2":{"start":{"line":6,"column":2},"end":{"line":6,"column":null}}},"fnMap":{},"branchMap":{},"s":{"0":1,"1":1,"2":1},"f":{},"b":{}}
,"/tmp/cc-agent/57977711/project/src/auth/dto/register.dto.ts": {"path":"/tmp/cc-agent/57977711/project/src/auth/dto/register.dto.ts","statementMap":{"0":{"start":{"line":1,"column":0},"end":{"line":1,"column":75}},"1":{"start":{"line":3,"column":0},"end":{"line":3,"column":13}},"2":{"start":{"line":6,"column":2},"end":{"line":6,"column":null}},"3":{"start":{"line":11,"column":2},"end":{"line":11,"column":null}},"4":{"start":{"line":16,"column":2},"end":{"line":16,"column":null}},"5":{"start":{"line":20,"column":2},"end":{"line":20,"column":null}},"6":{"start":{"line":24,"column":2},"end":{"line":24,"column":null}},"7":{"start":{"line":28,"column":2},"end":{"line":28,"column":null}}},"fnMap":{},"branchMap":{},"s":{"0":1,"1":1,"2":1,"3":1,"4":1,"5":1,"6":1,"7":1},"f":{},"b":{}}
,"/tmp/cc-agent/57977711/project/src/auth/guards/jwt-auth.guard.ts": {"path":"/tmp/cc-agent/57977711/project/src/auth/guards/jwt-auth.guard.ts","statementMap":{"0":{"start":{"line":1,"column":0},"end":{"line":1,"column":44}},"1":{"start":{"line":2,"column":0},"end":{"line":2,"column":45}},"2":{"start":{"line":5,"column":7},"end":{"line":5,"column":null}},"3":{"start":{"line":5,"column":13},"end":{"line":5,"column":25}},"4":{"start":{"line":5,"column":13},"end":{"line":5,"column":null}}},"fnMap":{},"branchMap":{},"s":{"0":5,"1":5,"2":5,"3":5,"4":5},"f":{},"b":{}}
,"/tmp/cc-agent/57977711/project/src/auth/strategies/jwt.strategy.ts": {"path":"/tmp/cc-agent/57977711/project/src/auth/strategies/jwt.strategy.ts","statementMap":{"0":{"start":{"line":1,"column":0},"end":{"line":1,"column":67}},"1":{"start":{"line":2,"column":0},"end":{"line":2,"column":47}},"2":{"start":{"line":3,"column":0},"end":{"line":3,"column":52}},"3":{"start":{"line":4,"column":0},"end":{"line":4,"column":52}},"4":{"start":{"line":5,"column":0},"end":{"line":5,"column":60}},"5":{"start":{"line":14,"column":7},"end":{"line":52,"column":null}},"6":{"start":{"line":19,"column":4},"end":{"line":24,"column":7}},"7":{"start":{"line":16,"column":21},"end":{"line":16,"column":36}},"8":{"start":{"line":17,"column":21},"end":{"line":17,"column":29}},"9":{"start":{"line":28,"column":17},"end":{"line":39,"column":6}},"10":{"start":{"line":41,"column":4},"end":{"line":43,"column":5}},"11":{"start":{"line":42,"column":6},"end":{"line":42,"column":56}},"12":{"start":{"line":45,"column":4},"end":{"line":50,"column":6}},"13":{"start":{"line":14,"column":13},"end":{"line":14,"column":24}},"14":{"start":{"line":14,"column":13},"end":{"line":52,"column":null}}},"fnMap":{"0":{"name":"(anonymous_2)","decl":{"start":{"line":15,"column":2},"end":{"line":15,"column":null}},"loc":{"start":{"line":17,"column":42},"end":{"line":25,"column":3}}},"1":{"name":"(anonymous_3)","decl":{"start":{"line":27,"column":2},"end":{"line":27,"column":7}},"loc":{"start":{"line":27,"column":36},"end":{"line":51,"column":3}}}},"branchMap":{"0":{"loc":{"start":{"line":23,"column":8},"end":{"line":23,"column":71}},"type":"binary-expr","locations":[{"start":{"line":23,"column":8},"end":{"line":23,"column":47}},{"start":{"line":23,"column":51},"end":{"line":23,"column":71}}]},"1":{"loc":{"start":{"line":41,"column":4},"end":{"line":43,"column":5}},"type":"if","locations":[{"start":{"line":41,"column":4},"end":{"line":43,"column":5}},{"start":{},"end":{}}]},"2":{"loc":{"start":{"line":16,"column":36},"end":{"line":16,"column":null}},"type":"cond-expr","locations":[{"start":{"line":16,"column":49},"end":{"line":16,"column":null}},{"start":{"line":16,"column":49},"end":{"line":16,"column":null}}]},"3":{"loc":{"start":{"line":16,"column":36},"end":{"line":16,"column":49}},"type":"binary-expr","locations":[{"start":{"line":16,"column":36},"end":{"line":16,"column":null}},{"start":{"line":16,"column":36},"end":{"line":16,"column":49}}]},"4":{"loc":{"start":{"line":16,"column":49},"end":{"line":17,"column":null}},"type":"cond-expr","locations":[{"start":{"line":17,"column":42},"end":{"line":17,"column":null}},{"start":{"line":17,"column":42},"end":{"line":17,"column":null}}]},"5":{"loc":{"start":{"line":16,"column":49},"end":{"line":17,"column":42}},"type":"binary-expr","locations":[{"start":{"line":16,"column":49},"end":{"line":17,"column":null}},{"start":{"line":17,"column":29},"end":{"line":17,"column":42}}]}},"s":{"0":0,"1":0,"2":0,"3":0,"4":0,"5":0,"6":0,"7":0,"8":0,"9":0,"10":0,"11":0,"12":0,"13":0,"14":0},"f":{"0":0,"1":0},"b":{"0":[0,0],"1":[0,0],"2":[0,0],"3":[0,0],"4":[0,0],"5":[0,0]}}
,"/tmp/cc-agent/57977711/project/src/common/decorators/current-user.decorator.ts": {"path":"/tmp/cc-agent/57977711/project/src/common/decorators/current-user.decorator.ts","statementMap":{"0":{"start":{"line":1,"column":0},"end":{"line":1,"column":72}},"1":{"start":{"line":14,"column":13},"end":{"line":21,"column":2}},"2":{"start":{"line":16,"column":20},"end":{"line":16,"column":51}},"3":{"start":{"line":17,"column":17},"end":{"line":17,"column":29}},"4":{"start":{"line":19,"column":4},"end":{"line":19,"column":38}}},"fnMap":{"0":{"name":"(anonymous_0)","decl":{"start":{"line":15,"column":2},"end":{"line":15,"column":3}},"loc":{"start":{"line":15,"column":69},"end":{"line":20,"column":3}}}},"branchMap":{"0":{"loc":{"start":{"line":19,"column":11},"end":{"line":19,"column":37}},"type":"cond-expr","locations":[{"start":{"line":19,"column":18},"end":{"line":19,"column":30}},{"start":{"line":19,"column":33},"end":{"line":19,"column":37}}]}},"s":{"0":4,"1":4,"2":0,"3":0,"4":0},"f":{"0":0},"b":{"0":[0,0]}}
,"/tmp/cc-agent/57977711/project/src/common/decorators/tenant-isolation.decorator.ts": {"path":"/tmp/cc-agent/57977711/project/src/common/decorators/tenant-isolation.decorator.ts","statementMap":{"0":{"start":{"line":1,"column":0},"end":{"line":1,"column":45}},"1":{"start":{"line":3,"column":13},"end":{"line":3,"column":54}},"2":{"start":{"line":5,"column":31},"end":{"line":6,"column":43}},"3":{"start":{"line":6,"column":2},"end":{"line":6,"column":43}},"4":{"start":{"line":5,"column":13},"end":{"line":5,"column":31}}},"fnMap":{"0":{"name":"(anonymous_0)","decl":{"start":{"line":5,"column":31},"end":{"line":5,"column":32}},"loc":{"start":{"line":6,"column":2},"end":{"line":6,"column":43}}}},"branchMap":{"0":{"loc":{"start":{"line":5,"column":32},"end":{"line":5,"column":45}},"type":"default-arg","locations":[{"start":{"line":5,"column":41},"end":{"line":5,"column":45}}]}},"s":{"0":4,"1":4,"2":4,"3":1,"4":4},"f":{"0":1},"b":{"0":[1]}}
,"/tmp/cc-agent/57977711/project/src/common/guards/tenant-isolation.guard.ts": {"path":"/tmp/cc-agent/57977711/project/src/common/guards/tenant-isolation.guard.ts","statementMap":{"0":{"start":{"line":1,"column":0},"end":{"line":1,"column":null}},"1":{"start":{"line":7,"column":0},"end":{"line":7,"column":41}},"2":{"start":{"line":8,"column":0},"end":{"line":8,"column":80}},"3":{"start":{"line":11,"column":7},"end":{"line":39,"column":null}},"4":{"start":{"line":12,"column":22},"end":{"line":12,"column":33}},"5":{"start":{"line":15,"column":37},"end":{"line":17,"column":null}},"6":{"start":{"line":20,"column":4},"end":{"line":22,"column":5}},"7":{"start":{"line":21,"column":6},"end":{"line":21,"column":18}},"8":{"start":{"line":24,"column":20},"end":{"line":24,"column":55}},"9":{"start":{"line":25,"column":17},"end":{"line":25,"column":29}},"10":{"start":{"line":27,"column":4},"end":{"line":29,"column":5}},"11":{"start":{"line":28,"column":6},"end":{"line":28,"column":72}},"12":{"start":{"line":31,"column":28},"end":{"line":31,"column":78}},"13":{"start":{"line":33,"column":4},"end":{"line":35,"column":5}},"14":{"start":{"line":34,"column":6},"end":{"line":34,"column":76}},"15":{"start":{"line":37,"column":4},"end":{"line":37,"column":16}},"16":{"start":{"line":11,"column":13},"end":{"line":11,"column":33}},"17":{"start":{"line":11,"column":13},"end":{"line":39,"column":null}}},"fnMap":{"0":{"name":"(anonymous_2)","decl":{"start":{"line":12,"column":2},"end":{"line":12,"column":22}},"loc":{"start":{"line":12,"column":42},"end":{"line":12,"column":46}}},"1":{"name":"(anonymous_3)","decl":{"start":{"line":14,"column":2},"end":{"line":14,"column":13}},"loc":{"start":{"line":14,"column":39},"end":{"line":38,"column":3}}}},"branchMap":{"0":{"loc":{"start":{"line":20,"column":4},"end":{"line":22,"column":5}},"type":"if","locations":[{"start":{"line":20,"column":4},"end":{"line":22,"column":5}},{"start":{},"end":{}}]},"1":{"loc":{"start":{"line":27,"column":4},"end":{"line":29,"column":5}},"type":"if","locations":[{"start":{"line":27,"column":4},"end":{"line":29,"column":5}},{"start":{},"end":{}}]},"2":{"loc":{"start":{"line":27,"column":8},"end":{"line":27,"column":31}},"type":"binary-expr","locations":[{"start":{"line":27,"column":8},"end":{"line":27,"column":13}},{"start":{"line":27,"column":17},"end":{"line":27,"column":31}}]},"3":{"loc":{"start":{"line":31,"column":28},"end":{"line":31,"column":78}},"type":"binary-expr","locations":[{"start":{"line":31,"column":28},"end":{"line":31,"column":52}},{"start":{"line":31,"column":56},"end":{"line":31,"column":78}}]},"4":{"loc":{"start":{"line":33,"column":4},"end":{"line":35,"column":5}},"type":"if","locations":[{"start":{"line":33,"column":4},"end":{"line":35,"column":5}},{"start":{},"end":{}}]},"5":{"loc":{"start":{"line":33,"column":8},"end":{"line":33,"column":60}},"type":"binary-expr","locations":[{"start":{"line":33,"column":8},"end":{"line":33,"column":23}},{"start":{"line":33,"column":27},"end":{"line":33,"column":60}}]},"6":{"loc":{"start":{"line":12,"column":33},"end":{"line":12,"column":45}},"type":"cond-expr","locations":[{"start":{"line":12,"column":42},"end":{"line":12,"column":45}},{"start":{"line":12,"column":42},"end":{"line":12,"column":45}}]},"7":{"loc":{"start":{"line":12,"column":33},"end":{"line":12,"column":42}},"type":"binary-expr","locations":[{"start":{"line":12,"column":33},"end":{"line":12,"column":45}},{"start":{"line":12,"column":33},"end":{"line":12,"column":42}}]}},"s":{"0":4,"1":4,"2":4,"3":4,"4":25,"5":0,"6":0,"7":0,"8":0,"9":0,"10":0,"11":0,"12":0,"13":0,"14":0,"15":0,"16":4,"17":4},"f":{"0":25,"1":0},"b":{"0":[0,0],"1":[0,0],"2":[0,0],"3":[0,0],"4":[0,0],"5":[0,0],"6":[4,0],"7":[4,4]}}
,"/tmp/cc-agent/57977711/project/src/config/configuration.ts": {"path":"/tmp/cc-agent/57977711/project/src/config/configuration.ts","statementMap":{"0":{"start":{"line":1,"column":0},"end":{"line":24,"column":3}},"1":{"start":{"line":1,"column":22},"end":{"line":24,"column":2}}},"fnMap":{"0":{"name":"(anonymous_0)","decl":{"start":{"line":1,"column":15},"end":{"line":1,"column":18}},"loc":{"start":{"line":1,"column":22},"end":{"line":24,"column":2}}}},"branchMap":{"0":{"loc":{"start":{"line":2,"column":17},"end":{"line":2,"column":43}},"type":"binary-expr","locations":[{"start":{"line":2,"column":17},"end":{"line":2,"column":33}},{"start":{"line":2,"column":37},"end":{"line":2,"column":43}}]},"1":{"loc":{"start":{"line":16,"column":19},"end":{"line":16,"column":51}},"type":"binary-expr","locations":[{"start":{"line":16,"column":19},"end":{"line":16,"column":41}},{"start":{"line":16,"column":45},"end":{"line":16,"column":51}}]}},"s":{"0":0,"1":0},"f":{"0":0},"b":{"0":[0,0],"1":[0,0]}}
,"/tmp/cc-agent/57977711/project/src/config/env.validation.ts": {"path":"/tmp/cc-agent/57977711/project/src/config/env.validation.ts","statementMap":{"0":{"start":{"line":61,"column":0},"end":{"line":61,"column":16}},"1":{"start":{"line":1,"column":0},"end":{"line":1,"column":52}},"2":{"start":{"line":2,"column":0},"end":{"line":2,"column":null}},"3":{"start":{"line":10,"column":0},"end":{"line":10,"column":null}},"4":{"start":{"line":11,"column":2},"end":{"line":11,"column":null}},"5":{"start":{"line":12,"column":2},"end":{"line":12,"column":null}},"6":{"start":{"line":13,"column":2},"end":{"line":13,"column":null}},"7":{"start":{"line":18,"column":2},"end":{"line":18,"column":null}},"8":{"start":{"line":21,"column":2},"end":{"line":21,"column":null}},"9":{"start":{"line":24,"column":2},"end":{"line":24,"column":null}},"10":{"start":{"line":27,"column":2},"end":{"line":27,"column":null}},"11":{"start":{"line":30,"column":2},"end":{"line":30,"column":null}},"12":{"start":{"line":33,"column":2},"end":{"line":33,"column":null}},"13":{"start":{"line":36,"column":2},"end":{"line":36,"column":null}},"14":{"start":{"line":39,"column":2},"end":{"line":39,"column":null}},"15":{"start":{"line":42,"column":2},"end":{"line":42,"column":null}},"16":{"start":{"line":46,"column":2},"end":{"line":46,"column":null}},"17":{"start":{"line":50,"column":2},"end":{"line":50,"column":null}},"18":{"start":{"line":54,"column":2},"end":{"line":54,"column":null}},"19":{"start":{"line":58,"column":2},"end":{"line":58,"column":null}},"20":{"start":{"line":62,"column":26},"end":{"line":64,"column":4}},"21":{"start":{"line":66,"column":17},"end":{"line":68,"column":4}},"22":{"start":{"line":70,"column":2},"end":{"line":72,"column":3}},"23":{"start":{"line":71,"column":4},"end":{"line":71,"column":39}},"24":{"start":{"line":74,"column":2},"end":{"line":74,"column":25}}},"fnMap":{"0":{"name":"(anonymous_2)","decl":{"start":{"line":10,"column":0},"end":{"line":10,"column":5}},"loc":{"start":{"line":10,"column":16},"end":{"line":14,"column":1}}},"1":{"name":"validate","decl":{"start":{"line":61,"column":16},"end":{"line":61,"column":24}},"loc":{"start":{"line":61,"column":56},"end":{"line":75,"column":1}}}},"branchMap":{"0":{"loc":{"start":{"line":10,"column":5},"end":{"line":10,"column":null}},"type":"binary-expr","locations":[{"start":{"line":10,"column":5},"end":{"line":10,"column":16}},{"start":{"line":10,"column":5},"end":{"line":10,"column":null}}]},"1":{"loc":{"start":{"line":70,"column":2},"end":{"line":72,"column":3}},"type":"if","locations":[{"start":{"line":70,"column":2},"end":{"line":72,"column":3}},{"start":{},"end":{}}]}},"s":{"0":0,"1":0,"2":0,"3":0,"4":0,"5":0,"6":0,"7":0,"8":0,"9":0,"10":0,"11":0,"12":0,"13":0,"14":0,"15":0,"16":0,"17":0,"18":0,"19":0,"20":0,"21":0,"22":0,"23":0,"24":0},"f":{"0":0,"1":0},"b":{"0":[0,0],"1":[0,0]}}
,"/tmp/cc-agent/57977711/project/src/insights/insights.controller.ts": {"path":"/tmp/cc-agent/57977711/project/src/insights/insights.controller.ts","statementMap":{"0":{"start":{"line":1,"column":0},"end":{"line":1,"column":67}},"1":{"start":{"line":2,"column":0},"end":{"line":2,"column":null}},"2":{"start":{"line":9,"column":0},"end":{"line":9,"column":53}},"3":{"start":{"line":10,"column":0},"end":{"line":10,"column":61}},"4":{"start":{"line":11,"column":0},"end":{"line":11,"column":79}},"5":{"start":{"line":12,"column":0},"end":{"line":12,"column":74}},"6":{"start":{"line":13,"column":0},"end":{"line":13,"column":60}},"7":{"start":{"line":14,"column":0},"end":{"line":14,"column":64}},"8":{"start":{"line":20,"column":7},"end":{"line":84,"column":null}},"9":{"start":{"line":21,"column":31},"end":{"line":21,"column":48}},"10":{"start":{"line":36,"column":4},"end":{"line":39,"column":6}},"11":{"start":{"line":56,"column":4},"end":{"line":60,"column":6}},"12":{"start":{"line":78,"column":4},"end":{"line":82,"column":6}},"13":{"start":{"line":20,"column":13},"end":{"line":20,"column":31}},"14":{"start":{"line":33,"column":8},"end":{"line":40,"column":null}},"15":{"start":{"line":52,"column":8},"end":{"line":61,"column":null}},"16":{"start":{"line":74,"column":8},"end":{"line":83,"column":null}},"17":{"start":{"line":20,"column":13},"end":{"line":84,"column":null}}},"fnMap":{"0":{"name":"(anonymous_4)","decl":{"start":{"line":21,"column":2},"end":{"line":21,"column":31}},"loc":{"start":{"line":21,"column":63},"end":{"line":21,"column":67}}},"1":{"name":"(anonymous_5)","decl":{"start":{"line":33,"column":8},"end":{"line":33,"column":26}},"loc":{"start":{"line":34,"column":28},"end":{"line":40,"column":3}}},"2":{"name":"(anonymous_6)","decl":{"start":{"line":52,"column":8},"end":{"line":52,"column":31}},"loc":{"start":{"line":54,"column":45},"end":{"line":61,"column":3}}},"3":{"name":"(anonymous_7)","decl":{"start":{"line":74,"column":8},"end":{"line":74,"column":26}},"loc":{"start":{"line":76,"column":39},"end":{"line":83,"column":3}}}},"branchMap":{"0":{"loc":{"start":{"line":35,"column":5},"end":{"line":35,"column":null}},"type":"cond-expr","locations":[{"start":{"line":35,"column":12},"end":{"line":35,"column":null}},{"start":{"line":35,"column":12},"end":{"line":35,"column":null}}]},"1":{"loc":{"start":{"line":35,"column":5},"end":{"line":35,"column":12}},"type":"binary-expr","locations":[{"start":{"line":35,"column":5},"end":{"line":35,"column":null}},{"start":{"line":35,"column":5},"end":{"line":35,"column":12}}]},"2":{"loc":{"start":{"line":55,"column":5},"end":{"line":55,"column":null}},"type":"cond-expr","locations":[{"start":{"line":55,"column":12},"end":{"line":55,"column":null}},{"start":{"line":55,"column":12},"end":{"line":55,"column":null}}]},"3":{"loc":{"start":{"line":55,"column":5},"end":{"line":55,"column":12}},"type":"binary-expr","locations":[{"start":{"line":55,"column":5},"end":{"line":55,"column":null}},{"start":{"line":55,"column":5},"end":{"line":55,"column":12}}]},"4":{"loc":{"start":{"line":21,"column":48},"end":{"line":21,"column":66}},"type":"cond-expr","locations":[{"start":{"line":21,"column":63},"end":{"line":21,"column":66}},{"start":{"line":21,"column":63},"end":{"line":21,"column":66}}]},"5":{"loc":{"start":{"line":21,"column":48},"end":{"line":21,"column":63}},"type":"binary-expr","locations":[{"start":{"line":21,"column":48},"end":{"line":21,"column":66}},{"start":{"line":21,"column":48},"end":{"line":21,"column":63}}]}},"s":{"0":1,"1":1,"2":1,"3":1,"4":1,"5":1,"6":1,"7":1,"8":1,"9":4,"10":1,"11":1,"12":1,"13":1,"14":1,"15":1,"16":1,"17":1},"f":{"0":4,"1":1,"2":1,"3":1},"b":{"0":[1,0],"1":[1,1],"2":[1,0],"3":[1,1],"4":[1,0],"5":[1,1]}}
,"/tmp/cc-agent/57977711/project/src/insights/insights.module.ts": {"path":"/tmp/cc-agent/57977711/project/src/insights/insights.module.ts","statementMap":{"0":{"start":{"line":1,"column":0},"end":{"line":1,"column":40}},"1":{"start":{"line":2,"column":0},"end":{"line":2,"column":59}},"2":{"start":{"line":3,"column":0},"end":{"line":3,"column":53}},"3":{"start":{"line":4,"column":0},"end":{"line":4,"column":55}},"4":{"start":{"line":12,"column":7},"end":{"line":12,"column":null}},"5":{"start":{"line":12,"column":13},"end":{"line":12,"column":27}},"6":{"start":{"line":12,"column":13},"end":{"line":12,"column":null}}},"fnMap":{},"branchMap":{},"s":{"0":0,"1":0,"2":0,"3":0,"4":0,"5":0,"6":0},"f":{},"b":{}}
,"/tmp/cc-agent/57977711/project/src/insights/insights.service.ts": {"path":"/tmp/cc-agent/57977711/project/src/insights/insights.service.ts","statementMap":{"0":{"start":{"line":1,"column":0},"end":{"line":1,"column":44}},"1":{"start":{"line":2,"column":0},"end":{"line":2,"column":57}},"2":{"start":{"line":3,"column":0},"end":{"line":3,"column":null}},"3":{"start":{"line":24,"column":7},"end":{"line":305,"column":null}},"4":{"start":{"line":25,"column":22},"end":{"line":25,"column":30}},"5":{"start":{"line":27,"column":52},"end":{"line":117,"column":4}},"6":{"start":{"line":124,"column":23},"end":{"line":132,"column":6}},"7":{"start":{"line":134,"column":41},"end":{"line":134,"column":43}},"8":{"start":{"line":136,"column":4},"end":{"line":141,"column":5}},"9":{"start":{"line":137,"column":22},"end":{"line":137,"column":54}},"10":{"start":{"line":138,"column":6},"end":{"line":140,"column":7}},"11":{"start":{"line":139,"column":8},"end":{"line":139,"column":31}},"12":{"start":{"line":143,"column":4},"end":{"line":143,"column":20}},"13":{"start":{"line":150,"column":23},"end":{"line":162,"column":6}},"14":{"start":{"line":164,"column":4},"end":{"line":173,"column":5}},"15":{"start":{"line":165,"column":6},"end":{"line":172,"column":8}},"16":{"start":{"line":175,"column":28},"end":{"line":175,"column":41}},"17":{"start":{"line":176,"column":41},"end":{"line":176,"column":43}},"18":{"start":{"line":178,"column":4},"end":{"line":183,"column":5}},"19":{"start":{"line":179,"column":22},"end":{"line":179,"column":54}},"20":{"start":{"line":180,"column":6},"end":{"line":182,"column":7}},"21":{"start":{"line":181,"column":8},"end":{"line":181,"column":31}},"22":{"start":{"line":185,"column":26},"end":{"line":187,"column":12}},"23":{"start":{"line":186,"column":13},"end":{"line":186,"column":44}},"24":{"start":{"line":188,"column":30},"end":{"line":190,"column":12}},"25":{"start":{"line":189,"column":13},"end":{"line":189,"column":48}},"26":{"start":{"line":191,"column":24},"end":{"line":193,"column":12}},"27":{"start":{"line":192,"column":13},"end":{"line":192,"column":42}},"28":{"start":{"line":195,"column":4},"end":{"line":210,"column":6}},"29":{"start":{"line":201,"column":30},"end":{"line":206,"column":10}},"30":{"start":{"line":207,"column":8},"end":{"line":207,"column":69}},"31":{"start":{"line":214,"column":26},"end":{"line":214,"column":58}},"32":{"start":{"line":215,"column":18},"end":{"line":215,"column":52}},"33":{"start":{"line":217,"column":4},"end":{"line":219,"column":5}},"34":{"start":{"line":218,"column":6},"end":{"line":218,"column":18}},"35":{"start":{"line":221,"column":18},"end":{"line":221,"column":45}},"36":{"start":{"line":222,"column":4},"end":{"line":224,"column":5}},"37":{"start":{"line":223,"column":6},"end":{"line":223,"column":18}},"38":{"start":{"line":226,"column":28},"end":{"line":226,"column":46}},"39":{"start":{"line":227,"column":36},"end":{"line":227,"column":55}},"40":{"start":{"line":231,"column":4},"end":{"line":255,"column":5}},"41":{"start":{"line":232,"column":6},"end":{"line":232,"column":29}},"42":{"start":{"line":233,"column":6},"end":{"line":233,"column":40}},"43":{"start":{"line":234,"column":6},"end":{"line":237,"column":7}},"44":{"start":{"line":235,"column":8},"end":{"line":235,"column":36}},"45":{"start":{"line":236,"column":8},"end":{"line":236,"column":42}},"46":{"start":{"line":238,"column":6},"end":{"line":238,"column":109}},"47":{"start":{"line":239,"column":6},"end":{"line":239,"column":88}},"48":{"start":{"line":240,"column":11},"end":{"line":255,"column":5}},"49":{"start":{"line":241,"column":6},"end":{"line":241,"column":30}},"50":{"start":{"line":242,"column":6},"end":{"line":242,"column":40}},"51":{"start":{"line":243,"column":6},"end":{"line":246,"column":7}},"52":{"start":{"line":244,"column":8},"end":{"line":244,"column":36}},"53":{"start":{"line":245,"column":8},"end":{"line":245,"column":42}},"54":{"start":{"line":247,"column":6},"end":{"line":247,"column":109}},"55":{"start":{"line":248,"column":6},"end":{"line":248,"column":89}},"56":{"start":{"line":250,"column":6},"end":{"line":250,"column":32}},"57":{"start":{"line":251,"column":6},"end":{"line":251,"column":37}},"58":{"start":{"line":252,"column":6},"end":{"line":252,"column":110}},"59":{"start":{"line":253,"column":6},"end":{"line":254,"column":72}},"60":{"start":{"line":257,"column":4},"end":{"line":267,"column":6}},"61":{"start":{"line":275,"column":23},"end":{"line":296,"column":6}},"62":{"start":{"line":298,"column":4},"end":{"line":303,"column":8}},"63":{"start":{"line":298,"column":34},"end":{"line":303,"column":6}},"64":{"start":{"line":24,"column":13},"end":{"line":24,"column":28}},"65":{"start":{"line":24,"column":13},"end":{"line":305,"column":null}}},"fnMap":{"0":{"name":"(anonymous_2)","decl":{"start":{"line":25,"column":2},"end":{"line":25,"column":22}},"loc":{"start":{"line":25,"column":43},"end":{"line":25,"column":47}}},"1":{"name":"(anonymous_3)","decl":{"start":{"line":119,"column":2},"end":{"line":119,"column":7}},"loc":{"start":{"line":122,"column":20},"end":{"line":144,"column":3}}},"2":{"name":"(anonymous_4)","decl":{"start":{"line":146,"column":2},"end":{"line":146,"column":7}},"loc":{"start":{"line":148,"column":20},"end":{"line":211,"column":3}}},"3":{"name":"(anonymous_5)","decl":{"start":{"line":186,"column":6},"end":{"line":186,"column":7}},"loc":{"start":{"line":186,"column":13},"end":{"line":186,"column":44}}},"4":{"name":"(anonymous_6)","decl":{"start":{"line":189,"column":6},"end":{"line":189,"column":7}},"loc":{"start":{"line":189,"column":13},"end":{"line":189,"column":48}}},"5":{"name":"(anonymous_7)","decl":{"start":{"line":192,"column":6},"end":{"line":192,"column":7}},"loc":{"start":{"line":192,"column":13},"end":{"line":192,"column":42}}},"6":{"name":"(anonymous_8)","decl":{"start":{"line":200,"column":30},"end":{"line":200,"column":31}},"loc":{"start":{"line":200,"column":39},"end":{"line":208,"column":7}}},"7":{"name":"(anonymous_9)","decl":{"start":{"line":213,"column":10},"end":{"line":213,"column":26}},"loc":{"start":{"line":213,"column":41},"end":{"line":268,"column":3}}},"8":{"name":"(anonymous_10)","decl":{"start":{"line":270,"column":2},"end":{"line":270,"column":7}},"loc":{"start":{"line":273,"column":20},"end":{"line":304,"column":3}}},"9":{"name":"(anonymous_11)","decl":{"start":{"line":298,"column":26},"end":{"line":298,"column":27}},"loc":{"start":{"line":298,"column":34},"end":{"line":303,"column":6}}}},"branchMap":{"0":{"loc":{"start":{"line":138,"column":6},"end":{"line":140,"column":7}},"type":"if","locations":[{"start":{"line":138,"column":6},"end":{"line":140,"column":7}},{"start":{},"end":{}}]},"1":{"loc":{"start":{"line":164,"column":4},"end":{"line":173,"column":5}},"type":"if","locations":[{"start":{"line":164,"column":4},"end":{"line":173,"column":5}},{"start":{},"end":{}}]},"2":{"loc":{"start":{"line":180,"column":6},"end":{"line":182,"column":7}},"type":"if","locations":[{"start":{"line":180,"column":6},"end":{"line":182,"column":7}},{"start":{},"end":{}}]},"3":{"loc":{"start":{"line":217,"column":4},"end":{"line":219,"column":5}},"type":"if","locations":[{"start":{"line":217,"column":4},"end":{"line":219,"column":5}},{"start":{},"end":{}}]},"4":{"loc":{"start":{"line":222,"column":4},"end":{"line":224,"column":5}},"type":"if","locations":[{"start":{"line":222,"column":4},"end":{"line":224,"column":5}},{"start":{},"end":{}}]},"5":{"loc":{"start":{"line":231,"column":4},"end":{"line":255,"column":5}},"type":"if","locations":[{"start":{"line":231,"column":4},"end":{"line":255,"column":5}},{"start":{"line":240,"column":11},"end":{"line":255,"column":5}}]},"6":{"loc":{"start":{"line":231,"column":8},"end":{"line":231,"column":66}},"type":"binary-expr","locations":[{"start":{"line":231,"column":8},"end":{"line":231,"column":38}},{"start":{"line":231,"column":42},"end":{"line":231,"column":66}}]},"7":{"loc":{"start":{"line":234,"column":6},"end":{"line":237,"column":7}},"type":"if","locations":[{"start":{"line":234,"column":6},"end":{"line":237,"column":7}},{"start":{},"end":{}}]},"8":{"loc":{"start":{"line":239,"column":23},"end":{"line":239,"column":87}},"type":"binary-expr","locations":[{"start":{"line":239,"column":23},"end":{"line":239,"column":48}},{"start":{"line":239,"column":52},"end":{"line":239,"column":87}}]},"9":{"loc":{"start":{"line":240,"column":11},"end":{"line":255,"column":5}},"type":"if","locations":[{"start":{"line":240,"column":11},"end":{"line":255,"column":5}},{"start":{"line":249,"column":11},"end":{"line":255,"column":5}}]},"10":{"loc":{"start":{"line":240,"column":15},"end":{"line":240,"column":75}},"type":"binary-expr","locations":[{"start":{"line":240,"column":15},"end":{"line":240,"column":46}},{"start":{"line":240,"column":50},"end":{"line":240,"column":75}}]},"11":{"loc":{"start":{"line":243,"column":6},"end":{"line":246,"column":7}},"type":"if","locations":[{"start":{"line":243,"column":6},"end":{"line":246,"column":7}},{"start":{},"end":{}}]},"12":{"loc":{"start":{"line":248,"column":23},"end":{"line":248,"column":88}},"type":"binary-expr","locations":[{"start":{"line":248,"column":23},"end":{"line":248,"column":49}},{"start":{"line":248,"column":53},"end":{"line":248,"column":88}}]},"13":{"loc":{"start":{"line":254,"column":8},"end":{"line":254,"column":71}},"type":"binary-expr","locations":[{"start":{"line":254,"column":8},"end":{"line":254,"column":36}},{"start":{"line":254,"column":40},"end":{"line":254,"column":71}}]},"14":{"loc":{"start":{"line":25,"column":30},"end":{"line":25,"column":46}},"type":"cond-expr","locations":[{"start":{"line":25,"column":43},"end":{"line":25,"column":46}},{"start":{"line":25,"column":43},"end":{"line":25,"column":46}}]},"15":{"loc":{"start":{"line":25,"column":30},"end":{"line":25,"column":43}},"type":"binary-expr","locations":[{"start":{"line":25,"column":30},"end":{"line":25,"column":46}},{"start":{"line":25,"column":30},"end":{"line":25,"column":43}}]}},"s":{"0":1,"1":1,"2":1,"3":1,"4":0,"5":0,"6":0,"7":0,"8":0,"9":0,"10":0,"11":0,"12":0,"13":0,"14":0,"15":0,"16":0,"17":0,"18":0,"19":0,"20":0,"21":0,"22":0,"23":0,"24":0,"25":0,"26":0,"27":0,"28":0,"29":0,"30":0,"31":0,"32":0,"33":0,"34":0,"35":0,"36":0,"37":0,"38":0,"39":0,"40":0,"41":0,"42":0,"43":0,"44":0,"45":0,"46":0,"47":0,"48":0,"49":0,"50":0,"51":0,"52":0,"53":0,"54":0,"55":0,"56":0,"57":0,"58":0,"59":0,"60":0,"61":0,"62":0,"63":0,"64":1,"65":1},"f":{"0":0,"1":0,"2":0,"3":0,"4":0,"5":0,"6":0,"7":0,"8":0,"9":0},"b":{"0":[0,0],"1":[0,0],"2":[0,0],"3":[0,0],"4":[0,0],"5":[0,0],"6":[0,0],"7":[0,0],"8":[0,0],"9":[0,0],"10":[0,0],"11":[0,0],"12":[0,0],"13":[0,0],"14":[1,0],"15":[1,1]}}
,"/tmp/cc-agent/57977711/project/src/insights/dto/health-insight.dto.ts": {"path":"/tmp/cc-agent/57977711/project/src/insights/dto/health-insight.dto.ts","statementMap":{"0":{"start":{"line":1,"column":0},"end":{"line":1,"column":46}},"1":{"start":{"line":3,"column":0},"end":{"line":3,"column":null}},"2":{"start":{"line":4,"column":2},"end":{"line":4,"column":null}},"3":{"start":{"line":5,"column":2},"end":{"line":5,"column":null}},"4":{"start":{"line":6,"column":2},"end":{"line":6,"column":null}},"5":{"start":{"line":7,"column":2},"end":{"line":7,"column":null}},"6":{"start":{"line":8,"column":2},"end":{"line":8,"column":null}},"7":{"start":{"line":9,"column":2},"end":{"line":9,"column":null}},"8":{"start":{"line":12,"column":0},"end":{"line":12,"column":null}},"9":{"start":{"line":13,"column":2},"end":{"line":13,"column":null}},"10":{"start":{"line":14,"column":2},"end":{"line":14,"column":null}},"11":{"start":{"line":15,"column":2},"end":{"line":15,"column":null}},"12":{"start":{"line":16,"column":2},"end":{"line":16,"column":null}},"13":{"start":{"line":19,"column":0},"end":{"line":19,"column":13}},"14":{"start":{"line":21,"column":2},"end":{"line":21,"column":null}},"15":{"start":{"line":24,"column":2},"end":{"line":24,"column":null}},"16":{"start":{"line":27,"column":2},"end":{"line":27,"column":null}},"17":{"start":{"line":30,"column":2},"end":{"line":30,"column":null}},"18":{"start":{"line":33,"column":2},"end":{"line":33,"column":null}},"19":{"start":{"line":36,"column":2},"end":{"line":36,"column":null}},"20":{"start":{"line":39,"column":2},"end":{"line":39,"column":null}},"21":{"start":{"line":42,"column":2},"end":{"line":42,"column":null}},"22":{"start":{"line":45,"column":2},"end":{"line":45,"column":null}},"23":{"start":{"line":48,"column":2},"end":{"line":48,"column":null}},"24":{"start":{"line":51,"column":2},"end":{"line":51,"column":null}}},"fnMap":{"0":{"name":"(anonymous_2)","decl":{"start":{"line":3,"column":0},"end":{"line":3,"column":12}},"loc":{"start":{"line":3,"column":23},"end":{"line":10,"column":1}}},"1":{"name":"(anonymous_3)","decl":{"start":{"line":12,"column":0},"end":{"line":12,"column":12}},"loc":{"start":{"line":12,"column":27},"end":{"line":17,"column":1}}}},"branchMap":{"0":{"loc":{"start":{"line":3,"column":12},"end":{"line":3,"column":null}},"type":"binary-expr","locations":[{"start":{"line":3,"column":12},"end":{"line":3,"column":23}},{"start":{"line":3,"column":23},"end":{"line":3,"column":null}}]},"1":{"loc":{"start":{"line":12,"column":12},"end":{"line":12,"column":null}},"type":"binary-expr","locations":[{"start":{"line":12,"column":12},"end":{"line":12,"column":27}},{"start":{"line":12,"column":27},"end":{"line":12,"column":null}}]},"2":{"loc":{"start":{"line":51,"column":13},"end":{"line":51,"column":18}},"type":"cond-expr","locations":[{"start":{"line":51,"column":17},"end":{"line":51,"column":18}},{"start":{"line":51,"column":17},"end":{"line":51,"column":18}}]},"3":{"loc":{"start":{"line":51,"column":13},"end":{"line":51,"column":17}},"type":"binary-expr","locations":[{"start":{"line":51,"column":13},"end":{"line":51,"column":18}},{"start":{"line":51,"column":13},"end":{"line":51,"column":17}}]}},"s":{"0":1,"1":1,"2":1,"3":1,"4":1,"5":1,"6":1,"7":1,"8":1,"9":1,"10":1,"11":1,"12":1,"13":1,"14":1,"15":1,"16":1,"17":1,"18":1,"19":1,"20":1,"21":1,"22":1,"23":1,"24":1},"f":{"0":1,"1":1},"b":{"0":[1,1],"1":[1,1],"2":[1,0],"3":[1,1]}}
,"/tmp/cc-agent/57977711/project/src/insights/dto/insights-summary.dto.ts": {"path":"/tmp/cc-agent/57977711/project/src/insights/dto/insights-summary.dto.ts","statementMap":{"0":{"start":{"line":1,"column":0},"end":{"line":1,"column":46}},"1":{"start":{"line":2,"column":0},"end":{"line":2,"column":56}},"2":{"start":{"line":4,"column":0},"end":{"line":4,"column":13}},"3":{"start":{"line":6,"column":2},"end":{"line":6,"column":null}},"4":{"start":{"line":9,"column":2},"end":{"line":9,"column":null}},"5":{"start":{"line":12,"column":2},"end":{"line":12,"column":null}},"6":{"start":{"line":15,"column":2},"end":{"line":15,"column":null}},"7":{"start":{"line":18,"column":2},"end":{"line":18,"column":null}},"8":{"start":{"line":21,"column":2},"end":{"line":21,"column":null}}},"fnMap":{},"branchMap":{"0":{"loc":{"start":{"line":21,"column":18},"end":{"line":21,"column":23}},"type":"cond-expr","locations":[{"start":{"line":21,"column":22},"end":{"line":21,"column":23}},{"start":{"line":21,"column":22},"end":{"line":21,"column":23}}]},"1":{"loc":{"start":{"line":21,"column":18},"end":{"line":21,"column":22}},"type":"binary-expr","locations":[{"start":{"line":21,"column":18},"end":{"line":21,"column":23}},{"start":{"line":21,"column":18},"end":{"line":21,"column":22}}]}},"s":{"0":1,"1":1,"2":1,"3":1,"4":1,"5":1,"6":1,"7":1,"8":1},"f":{},"b":{"0":[1,0],"1":[1,1]}}
[...]
,"/tmp/cc-agent/57977711/project/src/prisma/prisma.module.ts": {"path":"/tmp/cc-agent/57977711/project/src/prisma/prisma.module.ts","statementMap":{"0":{"start":{"line":1,"column":0},"end":{"line":1,"column":48}},"1":{"start":{"line":2,"column":0},"end":{"line":2,"column":49}},"2":{"start":{"line":9,"column":7},"end":{"line":9,"column":null}},"3":{"start":{"line":9,"column":13},"end":{"line":9,"column":25}},"4":{"start":{"line":9,"column":13},"end":{"line":9,"column":null}}},"fnMap":{},"branchMap":{},"s":{"0":0,"1":0,"2":0,"3":0,"4":0},"f":{},"b":{}}
,"/tmp/cc-agent/57977711/project/src/prisma/prisma.service.ts": {"path":"/tmp/cc-agent/57977711/project/src/prisma/prisma.service.ts","statementMap":{"0":{"start":{"line":1,"column":0},"end":{"line":1,"column":75}},"1":{"start":{"line":2,"column":0},"end":{"line":2,"column":46}},"2":{"start":{"line":5,"column":7},"end":{"line":16,"column":null}},"3":{"start":{"line":10,"column":4},"end":{"line":10,"column":26}},"4":{"start":{"line":14,"column":4},"end":{"line":14,"column":29}},"5":{"start":{"line":5,"column":13},"end":{"line":5,"column":26}},"6":{"start":{"line":5,"column":13},"end":{"line":16,"column":null}}},"fnMap":{"0":{"name":"(anonymous_1)","decl":{"start":{"line":9,"column":2},"end":{"line":9,"column":7}},"loc":{"start":{"line":9,"column":20},"end":{"line":11,"column":3}}},"1":{"name":"(anonymous_2)","decl":{"start":{"line":13,"column":2},"end":{"line":13,"column":7}},"loc":{"start":{"line":13,"column":23},"end":{"line":15,"column":3}}}},"branchMap":{},"s":{"0":5,"1":5,"2":5,"3":0,"4":0,"5":5,"6":5},"f":{"0":0,"1":0},"b":{}}
,"/tmp/cc-agent/57977711/project/src/profile/profile.controller.ts": {"path":"/tmp/cc-agent/57977711/project/src/profile/profile.controller.ts","statementMap":{"0":{"start":{"line":1,"column":0},"end":{"line":1,"column":60}},"1":{"start":{"line":2,"column":0},"end":{"line":2,"column":null}},"2":{"start":{"line":8,"column":0},"end":{"line":8,"column":51}},"3":{"start":{"line":9,"column":0},"end":{"line":9,"column":61}},"4":{"start":{"line":10,"column":0},"end":{"line":10,"column":79}},"5":{"start":{"line":11,"column":0},"end":{"line":11,"column":74}},"6":{"start":{"line":12,"column":0},"end":{"line":12,"column":56}},"7":{"start":{"line":13,"column":0},"end":{"line":13,"column":56}},"8":{"start":{"line":19,"column":7},"end":{"line":47,"column":null}},"9":{"start":{"line":20,"column":31},"end":{"line":20,"column":47}},"10":{"start":{"line":32,"column":4},"end":{"line":32,"column":70}},"11":{"start":{"line":45,"column":4},"end":{"line":45,"column":74}},"12":{"start":{"line":19,"column":13},"end":{"line":19,"column":30}},"13":{"start":{"line":31,"column":8},"end":{"line":33,"column":null}},"14":{"start":{"line":44,"column":8},"end":{"line":46,"column":null}},"15":{"start":{"line":19,"column":13},"end":{"line":47,"column":null}}},"fnMap":{"0":{"name":"(anonymous_4)","decl":{"start":{"line":20,"column":2},"end":{"line":20,"column":31}},"loc":{"start":{"line":20,"column":61},"end":{"line":20,"column":65}}},"1":{"name":"(anonymous_5)","decl":{"start":{"line":31,"column":8},"end":{"line":31,"column":18}},"loc":{"start":{"line":31,"column":43},"end":{"line":33,"column":3}}},"2":{"name":"(anonymous_6)","decl":{"start":{"line":44,"column":8},"end":{"line":44,"column":22}},"loc":{"start":{"line":44,"column":47},"end":{"line":46,"column":3}}}},"branchMap":{"0":{"loc":{"start":{"line":31,"column":46},"end":{"line":31,"column":null}},"type":"cond-expr","locations":[{"start":{"line":31,"column":53},"end":{"line":31,"column":null}},{"start":{"line":31,"column":53},"end":{"line":31,"column":null}}]},"1":{"loc":{"start":{"line":31,"column":46},"end":{"line":31,"column":53}},"type":"binary-expr","locations":[{"start":{"line":31,"column":46},"end":{"line":31,"column":null}},{"start":{"line":31,"column":46},"end":{"line":31,"column":53}}]},"2":{"loc":{"start":{"line":44,"column":50},"end":{"line":44,"column":null}},"type":"cond-expr","locations":[{"start":{"line":44,"column":57},"end":{"line":44,"column":null}},{"start":{"line":44,"column":57},"end":{"line":44,"column":null}}]},"3":{"loc":{"start":{"line":44,"column":50},"end":{"line":44,"column":57}},"type":"binary-expr","locations":[{"start":{"line":44,"column":50},"end":{"line":44,"column":null}},{"start":{"line":44,"column":50},"end":{"line":44,"column":57}}]},"4":{"loc":{"start":{"line":20,"column":47},"end":{"line":20,"column":64}},"type":"cond-expr","locations":[{"start":{"line":20,"column":61},"end":{"line":20,"column":64}},{"start":{"line":20,"column":61},"end":{"line":20,"column":64}}]},"5":{"loc":{"start":{"line":20,"column":47},"end":{"line":20,"column":61}},"type":"binary-expr","locations":[{"start":{"line":20,"column":47},"end":{"line":20,"column":64}},{"start":{"line":20,"column":47},"end":{"line":20,"column":61}}]}},"s":{"0":1,"1":1,"2":1,"3":1,"4":1,"5":1,"6":1,"7":1,"8":1,"9":3,"10":1,"11":1,"12":1,"13":1,"14":1,"15":1},"f":{"0":3,"1":1,"2":1},"b":{"0":[1,0],"1":[1,1],"2":[1,0],"3":[1,1],"4":[1,0],"5":[1,1]}}
,"/tmp/cc-agent/57977711/project/src/profile/profile.module.ts": {"path":"/tmp/cc-agent/57977711/project/src/profile/profile.module.ts","statementMap":{"0":{"start":{"line":1,"column":0},"end":{"line":1,"column":40}},"1":{"start":{"line":2,"column":0},"end":{"line":2,"column":57}},"2":{"start":{"line":3,"column":0},"end":{"line":3,"column":51}},"3":{"start":{"line":4,"column":0},"end":{"line":4,"column":55}},"4":{"start":{"line":12,"column":7},"end":{"line":12,"column":null}},"5":{"start":{"line":12,"column":13},"end":{"line":12,"column":26}},"6":{"start":{"line":12,"column":13},"end":{"line":12,"column":null}}},"fnMap":{},"branchMap":{},"s":{"0":0,"1":0,"2":0,"3":0,"4":0,"5":0,"6":0},"f":{},"b":{}}
,"/tmp/cc-agent/57977711/project/src/profile/profile.service.ts": {"path":"/tmp/cc-agent/57977711/project/src/profile/profile.service.ts","statementMap":{"0":{"start":{"line":1,"column":0},"end":{"line":1,"column":63}},"1":{"start":{"line":2,"column":0},"end":{"line":2,"column":57}},"2":{"start":{"line":7,"column":7},"end":{"line":155,"column":null}},"3":{"start":{"line":8,"column":22},"end":{"line":8,"column":30}},"4":{"start":{"line":11,"column":17},"end":{"line":16,"column":6}},"5":{"start":{"line":18,"column":4},"end":{"line":20,"column":5}},"6":{"start":{"line":19,"column":6},"end":{"line":19,"column":60}},"7":{"start":{"line":22,"column":4},"end":{"line":31,"column":6}},"8":{"start":{"line":38,"column":17},"end":{"line":43,"column":6}},"9":{"start":{"line":45,"column":4},"end":{"line":47,"column":5}},"10":{"start":{"line":46,"column":6},"end":{"line":46,"column":60}},"11":{"start":{"line":55,"column":8},"end":{"line":78,"column":6}},"12":{"start":{"line":80,"column":33},"end":{"line":82,"column":12}},"13":{"start":{"line":81,"column":16},"end":{"line":81,"column":41}},"14":{"start":{"line":83,"column":31},"end":{"line":85,"column":12}},"15":{"start":{"line":84,"column":16},"end":{"line":84,"column":41}},"16":{"start":{"line":87,"column":29},"end":{"line":89,"column":null}},"17":{"start":{"line":92,"column":4},"end":{"line":101,"column":6}},"18":{"start":{"line":108,"column":28},"end":{"line":114,"column":6}},"19":{"start":{"line":116,"column":4},"end":{"line":118,"column":5}},"20":{"start":{"line":117,"column":6},"end":{"line":117,"column":15}},"21":{"start":{"line":123,"column":8},"end":{"line":133,"column":6}},"22":{"start":{"line":135,"column":24},"end":{"line":135,"column":25}},"23":{"start":{"line":137,"column":4},"end":{"line":151,"column":5}},"24":{"start":{"line":138,"column":28},"end":{"line":138,"column":60}},"25":{"start":{"line":139,"column":20},"end":{"line":139,"column":49}},"26":{"start":{"line":141,"column":6},"end":{"line":141,"column":27}},"27":{"start":{"line":141,"column":18},"end":{"line":141,"column":27}},"28":{"start":{"line":143,"column":20},"end":{"line":143,"column":47}},"29":{"start":{"line":144,"column":6},"end":{"line":144,"column":33}},"30":{"start":{"line":144,"column":24},"end":{"line":144,"column":33}},"31":{"start":{"line":146,"column":6},"end":{"line":150,"column":7}},"32":{"start":{"line":147,"column":8},"end":{"line":147,"column":24}},"33":{"start":{"line":148,"column":13},"end":{"line":150,"column":7}},"34":{"start":{"line":149,"column":8},"end":{"line":149,"column":24}},"35":{"start":{"line":153,"column":4},"end":{"line":153,"column":25}},"36":{"start":{"line":7,"column":13},"end":{"line":7,"column":27}},"37":{"start":{"line":7,"column":13},"end":{"line":155,"column":null}}},"fnMap":{"0":{"name":"(anonymous_2)","decl":{"start":{"line":8,"column":2},"end":{"line":8,"column":22}},"loc":{"start":{"line":8,"column":43},"end":{"line":8,"column":47}}},"1":{"name":"(anonymous_3)","decl":{"start":{"line":10,"column":2},"end":{"line":10,"column":7}},"loc":{"start":{"line":10,"column":51},"end":{"line":32,"column":3}}},"2":{"name":"(anonymous_4)","decl":{"start":{"line":34,"column":2},"end":{"line":34,"column":7}},"loc":{"start":{"line":36,"column":20},"end":{"line":102,"column":3}}},"3":{"name":"(anonymous_5)","decl":{"start":{"line":81,"column":6},"end":{"line":81,"column":7}},"loc":{"start":{"line":81,"column":16},"end":{"line":81,"column":41}}},"4":{"name":"(anonymous_6)","decl":{"start":{"line":84,"column":6},"end":{"line":84,"column":7}},"loc":{"start":{"line":84,"column":16},"end":{"line":84,"column":41}}},"5":{"name":"(anonymous_7)","decl":{"start":{"line":104,"column":10},"end":{"line":104,"column":15}},"loc":{"start":{"line":106,"column":20},"end":{"line":154,"column":3}}}},"branchMap":{"0":{"loc":{"start":{"line":18,"column":4},"end":{"line":20,"column":5}},"type":"if","locations":[{"start":{"line":18,"column":4},"end":{"line":20,"column":5}},{"start":{},"end":{}}]},"1":{"loc":{"start":{"line":45,"column":4},"end":{"line":47,"column":5}},"type":"if","locations":[{"start":{"line":45,"column":4},"end":{"line":47,"column":5}},{"start":{},"end":{}}]},"2":{"loc":{"start":{"line":116,"column":4},"end":{"line":118,"column":5}},"type":"if","locations":[{"start":{"line":116,"column":4},"end":{"line":118,"column":5}},{"start":{},"end":{}}]},"3":{"loc":{"start":{"line":141,"column":6},"end":{"line":141,"column":27}},"type":"if","locations":[{"start":{"line":141,"column":6},"end":{"line":141,"column":27}},{"start":{},"end":{}}]},"4":{"loc":{"start":{"line":144,"column":6},"end":{"line":144,"column":33}},"type":"if","locations":[{"start":{"line":144,"column":6},"end":{"line":144,"column":33}},{"start":{},"end":{}}]},"5":{"loc":{"start":{"line":146,"column":6},"end":{"line":150,"column":7}},"type":"if","locations":[{"start":{"line":146,"column":6},"end":{"line":150,"column":7}},{"start":{"line":148,"column":13},"end":{"line":150,"column":7}}]},"6":{"loc":{"start":{"line":146,"column":10},"end":{"line":146,"column":60}},"type":"binary-expr","locations":[{"start":{"line":146,"column":10},"end":{"line":146,"column":26}},{"start":{"line":146,"column":30},"end":{"line":146,"column":60}}]},"7":{"loc":{"start":{"line":148,"column":13},"end":{"line":150,"column":7}},"type":"if","locations":[{"start":{"line":148,"column":13},"end":{"line":150,"column":7}},{"start":{},"end":{}}]},"8":{"loc":{"start":{"line":148,"column":17},"end":{"line":148,"column":69}},"type":"binary-expr","locations":[{"start":{"line":148,"column":17},"end":{"line":148,"column":34}},{"start":{"line":148,"column":38},"end":{"line":148,"column":69}}]},"9":{"loc":{"start":{"line":8,"column":30},"end":{"line":8,"column":46}},"type":"cond-expr","locations":[{"start":{"line":8,"column":43},"end":{"line":8,"column":46}},{"start":{"line":8,"column":43},"end":{"line":8,"column":46}}]},"10":{"loc":{"start":{"line":8,"column":30},"end":{"line":8,"column":43}},"type":"binary-expr","locations":[{"start":{"line":8,"column":30},"end":{"line":8,"column":46}},{"start":{"line":8,"column":30},"end":{"line":8,"column":43}}]}},"s":{"0":1,"1":1,"2":1,"3":0,"4":0,"5":0,"6":0,"7":0,"8":0,"9":0,"10":0,"11":0,"12":0,"13":0,"14":0,"15":0,"16":0,"17":0,"18":0,"19":0,"20":0,"21":0,"22":0,"23":0,"24":0,"25":0,"26":0,"27":0,"28":0,"29":0,"30":0,"31":0,"32":0,"33":0,"34":0,"35":0,"36":1,"37":1},"f":{"0":0,"1":0,"2":0,"3":0,"4":0,"5":0},"b":{"0":[0,0],"1":[0,0],"2":[0,0],"3":[0,0],"4":[0,0],"5":[0,0],"6":[0,0],"7":[0,0],"8":[0,0],"9":[1,0],"10":[1,1]}}
,"/tmp/cc-agent/57977711/project/src/profile/dto/health-stats.dto.ts": {"path":"/tmp/cc-agent/57977711/project/src/profile/dto/health-stats.dto.ts","statementMap":{"0":{"start":{"line":1,"column":0},"end":{"line":1,"column":46}},"1":{"start":{"line":3,"column":0},"end":{"line":3,"column":13}},"2":{"start":{"line":5,"column":2},"end":{"line":5,"column":null}},"3":{"start":{"line":8,"column":2},"end":{"line":8,"column":null}},"4":{"start":{"line":11,"column":2},"end":{"line":11,"column":null}},"5":{"start":{"line":14,"column":2},"end":{"line":14,"column":null}},"6":{"start":{"line":17,"column":2},"end":{"line":17,"column":null}},"7":{"start":{"line":20,"column":2},"end":{"line":20,"column":null}},"8":{"start":{"line":23,"column":2},"end":{"line":23,"column":null}},"9":{"start":{"line":26,"column":2},"end":{"line":26,"column":null}}},"fnMap":{},"branchMap":{"0":{"loc":{"start":{"line":20,"column":18},"end":{"line":20,"column":23}},"type":"cond-expr","locations":[{"start":{"line":20,"column":22},"end":{"line":20,"column":23}},{"start":{"line":20,"column":22},"end":{"line":20,"column":23}}]},"1":{"loc":{"start":{"line":20,"column":18},"end":{"line":20,"column":22}},"type":"binary-expr","locations":[{"start":{"line":20,"column":18},"end":{"line":20,"column":23}},{"start":{"line":20,"column":18},"end":{"line":20,"column":22}}]},"2":{"loc":{"start":{"line":23,"column":25},"end":{"line":23,"column":30}},"type":"cond-expr","locations":[{"start":{"line":23,"column":29},"end":{"line":23,"column":30}},{"start":{"line":23,"column":29},"end":{"line":23,"column":30}}]},"3":{"loc":{"start":{"line":23,"column":25},"end":{"line":23,"column":29}},"type":"binary-expr","locations":[{"start":{"line":23,"column":25},"end":{"line":23,"column":30}},{"start":{"line":23,"column":25},"end":{"line":23,"column":29}}]},"4":{"loc":{"start":{"line":26,"column":15},"end":{"line":26,"column":20}},"type":"cond-expr","locations":[{"start":{"line":26,"column":19},"end":{"line":26,"column":20}},{"start":{"line":26,"column":19},"end":{"line":26,"column":20}}]},"5":{"loc":{"start":{"line":26,"column":15},"end":{"line":26,"column":19}},"type":"binary-expr","locations":[{"start":{"line":26,"column":15},"end":{"line":26,"column":20}},{"start":{"line":26,"column":15},"end":{"line":26,"column":19}}]}},"s":{"0":1,"1":1,"2":1,"3":1,"4":1,"5":1,"6":1,"7":1,"8":1,"9":1},"f":{},"b":{"0":[1,0],"1":[1,1],"2":[1,0],"3":[1,1],"4":[1,0],"5":[1,1]}}
,"/tmp/cc-agent/57977711/project/src/profile/dto/update-profile.dto.ts": {"path":"/tmp/cc-agent/57977711/project/src/profile/dto/update-profile.dto.ts","statementMap":{"0":{"start":{"line":1,"column":0},"end":{"line":1,"column":46}},"1":{"start":{"line":2,"column":0},"end":{"line":2,"column":null}},"2":{"start":{"line":11,"column":0},"end":{"line":11,"column":13}},"3":{"start":{"line":15,"column":2},"end":{"line":15,"column":null}},"4":{"start":{"line":20,"column":2},"end":{"line":20,"column":null}},"5":{"start":{"line":25,"column":2},"end":{"line":25,"column":null}},"6":{"start":{"line":30,"column":2},"end":{"line":30,"column":null}},"7":{"start":{"line":35,"column":2},"end":{"line":35,"column":null}},"8":{"start":{"line":40,"column":2},"end":{"line":40,"column":null}},"9":{"start":{"line":45,"column":2},"end":{"line":45,"column":null}},"10":{"start":{"line":50,"column":2},"end":{"line":50,"column":null}},"11":{"start":{"line":56,"column":2},"end":{"line":56,"column":null}},"12":{"start":{"line":61,"column":2},"end":{"line":61,"column":null}},"13":{"start":{"line":66,"column":2},"end":{"line":66,"column":null}}},"fnMap":{},"branchMap":{"0":{"loc":{"start":{"line":50,"column":16},"end":{"line":50,"column":36}},"type":"cond-expr","locations":[{"start":{"line":50,"column":22},"end":{"line":50,"column":36}},{"start":{"line":50,"column":22},"end":{"line":50,"column":36}}]},"1":{"loc":{"start":{"line":50,"column":16},"end":{"line":50,"column":22}},"type":"binary-expr","locations":[{"start":{"line":50,"column":16},"end":{"line":50,"column":36}},{"start":{"line":50,"column":16},"end":{"line":50,"column":22}}]}},"s":{"0":0,"1":0,"2":0,"3":0,"4":0,"5":0,"6":0,"7":0,"8":0,"9":0,"10":0,"11":0,"12":0,"13":0},"f":{},"b":{"0":[0,0],"1":[0,0]}}
,"/tmp/cc-agent/57977711/project/src/profile/dto/user-profile.dto.ts": {"path":"/tmp/cc-agent/57977711/project/src/profile/dto/user-profile.dto.ts","statementMap":{"0":{"start":{"line":1,"column":0},"end":{"line":1,"column":46}},"1":{"start":{"line":3,"column":0},"end":{"line":3,"column":13}},"2":{"start":{"line":5,"column":2},"end":{"line":5,"column":null}},"3":{"start":{"line":8,"column":2},"end":{"line":8,"column":null}},"4":{"start":{"line":11,"column":2},"end":{"line":11,"column":null}},"5":{"start":{"line":14,"column":2},"end":{"line":14,"column":null}},"6":{"start":{"line":17,"column":2},"end":{"line":17,"column":null}},"7":{"start":{"line":20,"column":2},"end":{"line":20,"column":null}},"8":{"start":{"line":23,"column":2},"end":{"line":23,"column":null}},"9":{"start":{"line":26,"column":2},"end":{"line":26,"column":null}}},"fnMap":{},"branchMap":{"0":{"loc":{"start":{"line":23,"column":13},"end":{"line":23,"column":18}},"type":"cond-expr","locations":[{"start":{"line":23,"column":17},"end":{"line":23,"column":18}},{"start":{"line":23,"column":17},"end":{"line":23,"column":18}}]},"1":{"loc":{"start":{"line":23,"column":13},"end":{"line":23,"column":17}},"type":"binary-expr","locations":[{"start":{"line":23,"column":13},"end":{"line":23,"column":18}},{"start":{"line":23,"column":13},"end":{"line":23,"column":17}}]},"2":{"loc":{"start":{"line":26,"column":13},"end":{"line":26,"column":18}},"type":"cond-expr","locations":[{"start":{"line":26,"column":17},"end":{"line":26,"column":18}},{"start":{"line":26,"column":17},"end":{"line":26,"column":18}}]},"3":{"loc":{"start":{"line":26,"column":13},"end":{"line":26,"column":17}},"type":"binary-expr","locations":[{"start":{"line":26,"column":13},"end":{"line":26,"column":18}},{"start":{"line":26,"column":13},"end":{"line":26,"column":17}}]}},"s":{"0":1,"1":1,"2":1,"3":1,"4":1,"5":1,"6":1,"7":1,"8":1,"9":1},"f":{},"b":{"0":[1,0],"1":[1,1],"2":[1,0],"3":[1,1]}}
}
